[2022-01-05 20:45:41] local.ERROR: There are no commands defined in the "make:" namespace.

Did you mean this?
    make {"exception":"[object] (Symfony\\Component\\Console\\Exception\\NamespaceNotFoundException(code: 0): There are no commands defined in the \"make:\" namespace.

Did you mean this?
    make at C:\\xampp\\htdocs\\si4301_kelompok2_DocDistrict\\DocDistrict\\vendor\\symfony\\console\\Application.php:639)
[stacktrace]
#0 C:\\xampp\\htdocs\\si4301_kelompok2_DocDistrict\\DocDistrict\\vendor\\symfony\\console\\Application.php(690): Symfony\\Component\\Console\\Application->findNamespace()
#1 C:\\xampp\\htdocs\\si4301_kelompok2_DocDistrict\\DocDistrict\\vendor\\symfony\\console\\Application.php(259): Symfony\\Component\\Console\\Application->find()
#2 C:\\xampp\\htdocs\\si4301_kelompok2_DocDistrict\\DocDistrict\\vendor\\symfony\\console\\Application.php(171): Symfony\\Component\\Console\\Application->doRun()
#3 C:\\xampp\\htdocs\\si4301_kelompok2_DocDistrict\\DocDistrict\\vendor\\laravel\\framework\\src\\Illuminate\\Console\\Application.php(94): Symfony\\Component\\Console\\Application->run()
#4 C:\\xampp\\htdocs\\si4301_kelompok2_DocDistrict\\DocDistrict\\vendor\\laravel\\framework\\src\\Illuminate\\Foundation\\Console\\Kernel.php(129): Illuminate\\Console\\Application->run()
#5 C:\\xampp\\htdocs\\si4301_kelompok2_DocDistrict\\DocDistrict\\artisan(37): Illuminate\\Foundation\\Console\\Kernel->handle()
#6 {main}
"} 
[2022-01-05 21:06:12] local.ERROR: SQLSTATE[42000]: Syntax error or access violation: 1064 You have an error in your SQL syntax; check the manual that corresponds to your MariaDB server version for the right syntax to use near 'null) not null) default character set utf8mb4 collate 'utf8mb4_unicode_ci'' at line 1 (SQL: create table `user` (`id` bigint unsigned not null auto_increment primary key, `nama` varchar(255) not null, `email` varchar(255) not null, `password` varchar(255) not null, `ttl` varchar(255) not null, `alamat` varchar(255) not null, `nik` varchar(null) not null) default character set utf8mb4 collate 'utf8mb4_unicode_ci') {"exception":"[object] (Illuminate\\Database\\QueryException(code: 42000): SQLSTATE[42000]: Syntax error or access violation: 1064 You have an error in your SQL syntax; check the manual that corresponds to your MariaDB server version for the right syntax to use near 'null) not null) default character set utf8mb4 collate 'utf8mb4_unicode_ci'' at line 1 (SQL: create table `user` (`id` bigint unsigned not null auto_increment primary key, `nama` varchar(255) not null, `email` varchar(255) not null, `password` varchar(255) not null, `ttl` varchar(255) not null, `alamat` varchar(255) not null, `nik` varchar(null) not null) default character set utf8mb4 collate 'utf8mb4_unicode_ci') at C:\\xampp\\htdocs\\si4301_kelompok2_DocDistrict\\DocDistrict\\vendor\\laravel\\framework\\src\\Illuminate\\Database\\Connection.php:703)
[stacktrace]
#0 C:\\xampp\\htdocs\\si4301_kelompok2_DocDistrict\\DocDistrict\\vendor\\laravel\\framework\\src\\Illuminate\\Database\\Connection.php(663): Illuminate\\Database\\Connection->runQueryCallback()
#1 C:\\xampp\\htdocs\\si4301_kelompok2_DocDistrict\\DocDistrict\\vendor\\laravel\\framework\\src\\Illuminate\\Database\\Connection.php(493): Illuminate\\Database\\Connection->run()
#2 C:\\xampp\\htdocs\\si4301_kelompok2_DocDistrict\\DocDistrict\\vendor\\laravel\\framework\\src\\Illuminate\\Database\\Schema\\Blueprint.php(109): Illuminate\\Database\\Connection->statement()
#3 C:\\xampp\\htdocs\\si4301_kelompok2_DocDistrict\\DocDistrict\\vendor\\laravel\\framework\\src\\Illuminate\\Database\\Schema\\Builder.php(365): Illuminate\\Database\\Schema\\Blueprint->build()
#4 C:\\xampp\\htdocs\\si4301_kelompok2_DocDistrict\\DocDistrict\\vendor\\laravel\\framework\\src\\Illuminate\\Database\\Schema\\Builder.php(228): Illuminate\\Database\\Schema\\Builder->build()
#5 C:\\xampp\\htdocs\\si4301_kelompok2_DocDistrict\\DocDistrict\\vendor\\laravel\\framework\\src\\Illuminate\\Support\\Facades\\Facade.php(261): Illuminate\\Database\\Schema\\Builder->create()
#6 C:\\xampp\\htdocs\\si4301_kelompok2_DocDistrict\\DocDistrict\\database\\migrations\\2022_01_05_204632_create_user.php(24): Illuminate\\Support\\Facades\\Facade::__callStatic()
#7 C:\\xampp\\htdocs\\si4301_kelompok2_DocDistrict\\DocDistrict\\vendor\\laravel\\framework\\src\\Illuminate\\Database\\Migrations\\Migrator.php(394): CreateUser->up()
#8 C:\\xampp\\htdocs\\si4301_kelompok2_DocDistrict\\DocDistrict\\vendor\\laravel\\framework\\src\\Illuminate\\Database\\Migrations\\Migrator.php(403): Illuminate\\Database\\Migrations\\Migrator->Illuminate\\Database\\Migrations\\{closure}()
#9 C:\\xampp\\htdocs\\si4301_kelompok2_DocDistrict\\DocDistrict\\vendor\\laravel\\framework\\src\\Illuminate\\Database\\Migrations\\Migrator.php(202): Illuminate\\Database\\Migrations\\Migrator->runMigration()
#10 C:\\xampp\\htdocs\\si4301_kelompok2_DocDistrict\\DocDistrict\\vendor\\laravel\\framework\\src\\Illuminate\\Database\\Migrations\\Migrator.php(167): Illuminate\\Database\\Migrations\\Migrator->runUp()
#11 C:\\xampp\\htdocs\\si4301_kelompok2_DocDistrict\\DocDistrict\\vendor\\laravel\\framework\\src\\Illuminate\\Database\\Migrations\\Migrator.php(112): Illuminate\\Database\\Migrations\\Migrator->runPending()
#12 C:\\xampp\\htdocs\\si4301_kelompok2_DocDistrict\\DocDistrict\\vendor\\laravel\\framework\\src\\Illuminate\\Database\\Console\\Migrations\\MigrateCommand.php(85): Illuminate\\Database\\Migrations\\Migrator->run()
#13 C:\\xampp\\htdocs\\si4301_kelompok2_DocDistrict\\DocDistrict\\vendor\\laravel\\framework\\src\\Illuminate\\Database\\Migrations\\Migrator.php(585): Illuminate\\Database\\Console\\Migrations\\MigrateCommand->Illuminate\\Database\\Console\\Migrations\\{closure}()
#14 C:\\xampp\\htdocs\\si4301_kelompok2_DocDistrict\\DocDistrict\\vendor\\laravel\\framework\\src\\Illuminate\\Database\\Console\\Migrations\\MigrateCommand.php(94): Illuminate\\Database\\Migrations\\Migrator->usingConnection()
#15 C:\\xampp\\htdocs\\si4301_kelompok2_DocDistrict\\DocDistrict\\vendor\\laravel\\framework\\src\\Illuminate\\Container\\BoundMethod.php(36): Illuminate\\Database\\Console\\Migrations\\MigrateCommand->handle()
#16 C:\\xampp\\htdocs\\si4301_kelompok2_DocDistrict\\DocDistrict\\vendor\\laravel\\framework\\src\\Illuminate\\Container\\Util.php(40): Illuminate\\Container\\BoundMethod::Illuminate\\Container\\{closure}()
#17 C:\\xampp\\htdocs\\si4301_kelompok2_DocDistrict\\DocDistrict\\vendor\\laravel\\framework\\src\\Illuminate\\Container\\BoundMethod.php(93): Illuminate\\Container\\Util::unwrapIfClosure()
#18 C:\\xampp\\htdocs\\si4301_kelompok2_DocDistrict\\DocDistrict\\vendor\\laravel\\framework\\src\\Illuminate\\Container\\BoundMethod.php(37): Illuminate\\Container\\BoundMethod::callBoundMethod()
#19 C:\\xampp\\htdocs\\si4301_kelompok2_DocDistrict\\DocDistrict\\vendor\\laravel\\framework\\src\\Illuminate\\Container\\Container.php(653): Illuminate\\Container\\BoundMethod::call()
#20 C:\\xampp\\htdocs\\si4301_kelompok2_DocDistrict\\DocDistrict\\vendor\\laravel\\framework\\src\\Illuminate\\Console\\Command.php(136): Illuminate\\Container\\Container->call()
#21 C:\\xampp\\htdocs\\si4301_kelompok2_DocDistrict\\DocDistrict\\vendor\\symfony\\console\\Command\\Command.php(298): Illuminate\\Console\\Command->execute()
#22 C:\\xampp\\htdocs\\si4301_kelompok2_DocDistrict\\DocDistrict\\vendor\\laravel\\framework\\src\\Illuminate\\Console\\Command.php(121): Symfony\\Component\\Console\\Command\\Command->run()
#23 C:\\xampp\\htdocs\\si4301_kelompok2_DocDistrict\\DocDistrict\\vendor\\symfony\\console\\Application.php(1005): Illuminate\\Console\\Command->run()
#24 C:\\xampp\\htdocs\\si4301_kelompok2_DocDistrict\\DocDistrict\\vendor\\symfony\\console\\Application.php(299): Symfony\\Component\\Console\\Application->doRunCommand()
#25 C:\\xampp\\htdocs\\si4301_kelompok2_DocDistrict\\DocDistrict\\vendor\\symfony\\console\\Application.php(171): Symfony\\Component\\Console\\Application->doRun()
#26 C:\\xampp\\htdocs\\si4301_kelompok2_DocDistrict\\DocDistrict\\vendor\\laravel\\framework\\src\\Illuminate\\Console\\Application.php(94): Symfony\\Component\\Console\\Application->run()
#27 C:\\xampp\\htdocs\\si4301_kelompok2_DocDistrict\\DocDistrict\\vendor\\laravel\\framework\\src\\Illuminate\\Foundation\\Console\\Kernel.php(129): Illuminate\\Console\\Application->run()
#28 C:\\xampp\\htdocs\\si4301_kelompok2_DocDistrict\\DocDistrict\\artisan(37): Illuminate\\Foundation\\Console\\Kernel->handle()
#29 {main}

[previous exception] [object] (PDOException(code: 42000): SQLSTATE[42000]: Syntax error or access violation: 1064 You have an error in your SQL syntax; check the manual that corresponds to your MariaDB server version for the right syntax to use near 'null) not null) default character set utf8mb4 collate 'utf8mb4_unicode_ci'' at line 1 at C:\\xampp\\htdocs\\si4301_kelompok2_DocDistrict\\DocDistrict\\vendor\\laravel\\framework\\src\\Illuminate\\Database\\Connection.php:486)
[stacktrace]
#0 C:\\xampp\\htdocs\\si4301_kelompok2_DocDistrict\\DocDistrict\\vendor\\laravel\\framework\\src\\Illuminate\\Database\\Connection.php(486): PDO->prepare()
#1 C:\\xampp\\htdocs\\si4301_kelompok2_DocDistrict\\DocDistrict\\vendor\\laravel\\framework\\src\\Illuminate\\Database\\Connection.php(696): Illuminate\\Database\\Connection->Illuminate\\Database\\{closure}()
#2 C:\\xampp\\htdocs\\si4301_kelompok2_DocDistrict\\DocDistrict\\vendor\\laravel\\framework\\src\\Illuminate\\Database\\Connection.php(663): Illuminate\\Database\\Connection->runQueryCallback()
#3 C:\\xampp\\htdocs\\si4301_kelompok2_DocDistrict\\DocDistrict\\vendor\\laravel\\framework\\src\\Illuminate\\Database\\Connection.php(493): Illuminate\\Database\\Connection->run()
#4 C:\\xampp\\htdocs\\si4301_kelompok2_DocDistrict\\DocDistrict\\vendor\\laravel\\framework\\src\\Illuminate\\Database\\Schema\\Blueprint.php(109): Illuminate\\Database\\Connection->statement()
#5 C:\\xampp\\htdocs\\si4301_kelompok2_DocDistrict\\DocDistrict\\vendor\\laravel\\framework\\src\\Illuminate\\Database\\Schema\\Builder.php(365): Illuminate\\Database\\Schema\\Blueprint->build()
#6 C:\\xampp\\htdocs\\si4301_kelompok2_DocDistrict\\DocDistrict\\vendor\\laravel\\framework\\src\\Illuminate\\Database\\Schema\\Builder.php(228): Illuminate\\Database\\Schema\\Builder->build()
#7 C:\\xampp\\htdocs\\si4301_kelompok2_DocDistrict\\DocDistrict\\vendor\\laravel\\framework\\src\\Illuminate\\Support\\Facades\\Facade.php(261): Illuminate\\Database\\Schema\\Builder->create()
#8 C:\\xampp\\htdocs\\si4301_kelompok2_DocDistrict\\DocDistrict\\database\\migrations\\2022_01_05_204632_create_user.php(24): Illuminate\\Support\\Facades\\Facade::__callStatic()
#9 C:\\xampp\\htdocs\\si4301_kelompok2_DocDistrict\\DocDistrict\\vendor\\laravel\\framework\\src\\Illuminate\\Database\\Migrations\\Migrator.php(394): CreateUser->up()
#10 C:\\xampp\\htdocs\\si4301_kelompok2_DocDistrict\\DocDistrict\\vendor\\laravel\\framework\\src\\Illuminate\\Database\\Migrations\\Migrator.php(403): Illuminate\\Database\\Migrations\\Migrator->Illuminate\\Database\\Migrations\\{closure}()
#11 C:\\xampp\\htdocs\\si4301_kelompok2_DocDistrict\\DocDistrict\\vendor\\laravel\\framework\\src\\Illuminate\\Database\\Migrations\\Migrator.php(202): Illuminate\\Database\\Migrations\\Migrator->runMigration()
#12 C:\\xampp\\htdocs\\si4301_kelompok2_DocDistrict\\DocDistrict\\vendor\\laravel\\framework\\src\\Illuminate\\Database\\Migrations\\Migrator.php(167): Illuminate\\Database\\Migrations\\Migrator->runUp()
#13 C:\\xampp\\htdocs\\si4301_kelompok2_DocDistrict\\DocDistrict\\vendor\\laravel\\framework\\src\\Illuminate\\Database\\Migrations\\Migrator.php(112): Illuminate\\Database\\Migrations\\Migrator->runPending()
#14 C:\\xampp\\htdocs\\si4301_kelompok2_DocDistrict\\DocDistrict\\vendor\\laravel\\framework\\src\\Illuminate\\Database\\Console\\Migrations\\MigrateCommand.php(85): Illuminate\\Database\\Migrations\\Migrator->run()
#15 C:\\xampp\\htdocs\\si4301_kelompok2_DocDistrict\\DocDistrict\\vendor\\laravel\\framework\\src\\Illuminate\\Database\\Migrations\\Migrator.php(585): Illuminate\\Database\\Console\\Migrations\\MigrateCommand->Illuminate\\Database\\Console\\Migrations\\{closure}()
#16 C:\\xampp\\htdocs\\si4301_kelompok2_DocDistrict\\DocDistrict\\vendor\\laravel\\framework\\src\\Illuminate\\Database\\Console\\Migrations\\MigrateCommand.php(94): Illuminate\\Database\\Migrations\\Migrator->usingConnection()
#17 C:\\xampp\\htdocs\\si4301_kelompok2_DocDistrict\\DocDistrict\\vendor\\laravel\\framework\\src\\Illuminate\\Container\\BoundMethod.php(36): Illuminate\\Database\\Console\\Migrations\\MigrateCommand->handle()
#18 C:\\xampp\\htdocs\\si4301_kelompok2_DocDistrict\\DocDistrict\\vendor\\laravel\\framework\\src\\Illuminate\\Container\\Util.php(40): Illuminate\\Container\\BoundMethod::Illuminate\\Container\\{closure}()
#19 C:\\xampp\\htdocs\\si4301_kelompok2_DocDistrict\\DocDistrict\\vendor\\laravel\\framework\\src\\Illuminate\\Container\\BoundMethod.php(93): Illuminate\\Container\\Util::unwrapIfClosure()
#20 C:\\xampp\\htdocs\\si4301_kelompok2_DocDistrict\\DocDistrict\\vendor\\laravel\\framework\\src\\Illuminate\\Container\\BoundMethod.php(37): Illuminate\\Container\\BoundMethod::callBoundMethod()
#21 C:\\xampp\\htdocs\\si4301_kelompok2_DocDistrict\\DocDistrict\\vendor\\laravel\\framework\\src\\Illuminate\\Container\\Container.php(653): Illuminate\\Container\\BoundMethod::call()
#22 C:\\xampp\\htdocs\\si4301_kelompok2_DocDistrict\\DocDistrict\\vendor\\laravel\\framework\\src\\Illuminate\\Console\\Command.php(136): Illuminate\\Container\\Container->call()
#23 C:\\xampp\\htdocs\\si4301_kelompok2_DocDistrict\\DocDistrict\\vendor\\symfony\\console\\Command\\Command.php(298): Illuminate\\Console\\Command->execute()
#24 C:\\xampp\\htdocs\\si4301_kelompok2_DocDistrict\\DocDistrict\\vendor\\laravel\\framework\\src\\Illuminate\\Console\\Command.php(121): Symfony\\Component\\Console\\Command\\Command->run()
#25 C:\\xampp\\htdocs\\si4301_kelompok2_DocDistrict\\DocDistrict\\vendor\\symfony\\console\\Application.php(1005): Illuminate\\Console\\Command->run()
#26 C:\\xampp\\htdocs\\si4301_kelompok2_DocDistrict\\DocDistrict\\vendor\\symfony\\console\\Application.php(299): Symfony\\Component\\Console\\Application->doRunCommand()
#27 C:\\xampp\\htdocs\\si4301_kelompok2_DocDistrict\\DocDistrict\\vendor\\symfony\\console\\Application.php(171): Symfony\\Component\\Console\\Application->doRun()
#28 C:\\xampp\\htdocs\\si4301_kelompok2_DocDistrict\\DocDistrict\\vendor\\laravel\\framework\\src\\Illuminate\\Console\\Application.php(94): Symfony\\Component\\Console\\Application->run()
#29 C:\\xampp\\htdocs\\si4301_kelompok2_DocDistrict\\DocDistrict\\vendor\\laravel\\framework\\src\\Illuminate\\Foundation\\Console\\Kernel.php(129): Illuminate\\Console\\Application->run()
#30 C:\\xampp\\htdocs\\si4301_kelompok2_DocDistrict\\DocDistrict\\artisan(37): Illuminate\\Foundation\\Console\\Kernel->handle()
#31 {main}
"} 
[2022-01-05 21:46:10] local.ERROR: SQLSTATE[42S02]: Base table or view not found: 1146 Table 'wad_tubes.users' doesn't exist (SQL: insert into `users` (`nama`, `email`, `password`, `noHP`) values (Muhammad Rayhan Abdillah, rayhan.abdillah81@gmail.com, rayhan81, 081547276922)) {"exception":"[object] (Illuminate\\Database\\QueryException(code: 42S02): SQLSTATE[42S02]: Base table or view not found: 1146 Table 'wad_tubes.users' doesn't exist (SQL: insert into `users` (`nama`, `email`, `password`, `noHP`) values (Muhammad Rayhan Abdillah, rayhan.abdillah81@gmail.com, rayhan81, 081547276922)) at C:\\xampp\\htdocs\\si4301_kelompok2_DocDistrict\\DocDistrict\\vendor\\laravel\\framework\\src\\Illuminate\\Database\\Connection.php:703)
[stacktrace]
#0 C:\\xampp\\htdocs\\si4301_kelompok2_DocDistrict\\DocDistrict\\vendor\\laravel\\framework\\src\\Illuminate\\Database\\Connection.php(663): Illuminate\\Database\\Connection->runQueryCallback()
#1 C:\\xampp\\htdocs\\si4301_kelompok2_DocDistrict\\DocDistrict\\vendor\\laravel\\framework\\src\\Illuminate\\Database\\Connection.php(493): Illuminate\\Database\\Connection->run()
#2 C:\\xampp\\htdocs\\si4301_kelompok2_DocDistrict\\DocDistrict\\vendor\\laravel\\framework\\src\\Illuminate\\Database\\Connection.php(445): Illuminate\\Database\\Connection->statement()
#3 C:\\xampp\\htdocs\\si4301_kelompok2_DocDistrict\\DocDistrict\\vendor\\laravel\\framework\\src\\Illuminate\\Database\\Query\\Processors\\Processor.php(32): Illuminate\\Database\\Connection->insert()
#4 C:\\xampp\\htdocs\\si4301_kelompok2_DocDistrict\\DocDistrict\\vendor\\laravel\\framework\\src\\Illuminate\\Database\\Query\\Builder.php(2966): Illuminate\\Database\\Query\\Processors\\Processor->processInsertGetId()
#5 C:\\xampp\\htdocs\\si4301_kelompok2_DocDistrict\\DocDistrict\\vendor\\laravel\\framework\\src\\Illuminate\\Database\\Eloquent\\Builder.php(1655): Illuminate\\Database\\Query\\Builder->insertGetId()
#6 C:\\xampp\\htdocs\\si4301_kelompok2_DocDistrict\\DocDistrict\\vendor\\laravel\\framework\\src\\Illuminate\\Database\\Eloquent\\Model.php(1188): Illuminate\\Database\\Eloquent\\Builder->__call()
#7 C:\\xampp\\htdocs\\si4301_kelompok2_DocDistrict\\DocDistrict\\vendor\\laravel\\framework\\src\\Illuminate\\Database\\Eloquent\\Model.php(1153): Illuminate\\Database\\Eloquent\\Model->insertAndSetId()
#8 C:\\xampp\\htdocs\\si4301_kelompok2_DocDistrict\\DocDistrict\\vendor\\laravel\\framework\\src\\Illuminate\\Database\\Eloquent\\Model.php(994): Illuminate\\Database\\Eloquent\\Model->performInsert()
#9 C:\\xampp\\htdocs\\si4301_kelompok2_DocDistrict\\DocDistrict\\vendor\\laravel\\framework\\src\\Illuminate\\Database\\Eloquent\\Builder.php(894): Illuminate\\Database\\Eloquent\\Model->save()
#10 C:\\xampp\\htdocs\\si4301_kelompok2_DocDistrict\\DocDistrict\\vendor\\laravel\\framework\\src\\Illuminate\\Support\\helpers.php(263): Illuminate\\Database\\Eloquent\\Builder->Illuminate\\Database\\Eloquent\\{closure}()
#11 C:\\xampp\\htdocs\\si4301_kelompok2_DocDistrict\\DocDistrict\\vendor\\laravel\\framework\\src\\Illuminate\\Database\\Eloquent\\Builder.php(895): tap()
#12 C:\\xampp\\htdocs\\si4301_kelompok2_DocDistrict\\DocDistrict\\vendor\\laravel\\framework\\src\\Illuminate\\Support\\Traits\\ForwardsCalls.php(23): Illuminate\\Database\\Eloquent\\Builder->create()
#13 C:\\xampp\\htdocs\\si4301_kelompok2_DocDistrict\\DocDistrict\\vendor\\laravel\\framework\\src\\Illuminate\\Database\\Eloquent\\Model.php(2132): Illuminate\\Database\\Eloquent\\Model->forwardCallTo()
#14 C:\\xampp\\htdocs\\si4301_kelompok2_DocDistrict\\DocDistrict\\vendor\\laravel\\framework\\src\\Illuminate\\Database\\Eloquent\\Model.php(2144): Illuminate\\Database\\Eloquent\\Model->__call()
#15 C:\\xampp\\htdocs\\si4301_kelompok2_DocDistrict\\DocDistrict\\app\\Http\\Controllers\\user_controller.php(42): Illuminate\\Database\\Eloquent\\Model::__callStatic()
#16 C:\\xampp\\htdocs\\si4301_kelompok2_DocDistrict\\DocDistrict\\vendor\\laravel\\framework\\src\\Illuminate\\Routing\\Controller.php(54): App\\Http\\Controllers\\user_controller->store()
#17 C:\\xampp\\htdocs\\si4301_kelompok2_DocDistrict\\DocDistrict\\vendor\\laravel\\framework\\src\\Illuminate\\Routing\\ControllerDispatcher.php(45): Illuminate\\Routing\\Controller->callAction()
#18 C:\\xampp\\htdocs\\si4301_kelompok2_DocDistrict\\DocDistrict\\vendor\\laravel\\framework\\src\\Illuminate\\Routing\\Route.php(262): Illuminate\\Routing\\ControllerDispatcher->dispatch()
#19 C:\\xampp\\htdocs\\si4301_kelompok2_DocDistrict\\DocDistrict\\vendor\\laravel\\framework\\src\\Illuminate\\Routing\\Route.php(205): Illuminate\\Routing\\Route->runController()
#20 C:\\xampp\\htdocs\\si4301_kelompok2_DocDistrict\\DocDistrict\\vendor\\laravel\\framework\\src\\Illuminate\\Routing\\Router.php(695): Illuminate\\Routing\\Route->run()
#21 C:\\xampp\\htdocs\\si4301_kelompok2_DocDistrict\\DocDistrict\\vendor\\laravel\\framework\\src\\Illuminate\\Pipeline\\Pipeline.php(128): Illuminate\\Routing\\Router->Illuminate\\Routing\\{closure}()
#22 C:\\xampp\\htdocs\\si4301_kelompok2_DocDistrict\\DocDistrict\\vendor\\laravel\\framework\\src\\Illuminate\\Routing\\Middleware\\SubstituteBindings.php(50): Illuminate\\Pipeline\\Pipeline->Illuminate\\Pipeline\\{closure}()
#23 C:\\xampp\\htdocs\\si4301_kelompok2_DocDistrict\\DocDistrict\\vendor\\laravel\\framework\\src\\Illuminate\\Pipeline\\Pipeline.php(167): Illuminate\\Routing\\Middleware\\SubstituteBindings->handle()
#24 C:\\xampp\\htdocs\\si4301_kelompok2_DocDistrict\\DocDistrict\\vendor\\laravel\\framework\\src\\Illuminate\\Foundation\\Http\\Middleware\\VerifyCsrfToken.php(78): Illuminate\\Pipeline\\Pipeline->Illuminate\\Pipeline\\{closure}()
#25 C:\\xampp\\htdocs\\si4301_kelompok2_DocDistrict\\DocDistrict\\vendor\\laravel\\framework\\src\\Illuminate\\Pipeline\\Pipeline.php(167): Illuminate\\Foundation\\Http\\Middleware\\VerifyCsrfToken->handle()
#26 C:\\xampp\\htdocs\\si4301_kelompok2_DocDistrict\\DocDistrict\\vendor\\laravel\\framework\\src\\Illuminate\\View\\Middleware\\ShareErrorsFromSession.php(49): Illuminate\\Pipeline\\Pipeline->Illuminate\\Pipeline\\{closure}()
#27 C:\\xampp\\htdocs\\si4301_kelompok2_DocDistrict\\DocDistrict\\vendor\\laravel\\framework\\src\\Illuminate\\Pipeline\\Pipeline.php(167): Illuminate\\View\\Middleware\\ShareErrorsFromSession->handle()
#28 C:\\xampp\\htdocs\\si4301_kelompok2_DocDistrict\\DocDistrict\\vendor\\laravel\\framework\\src\\Illuminate\\Session\\Middleware\\StartSession.php(121): Illuminate\\Pipeline\\Pipeline->Illuminate\\Pipeline\\{closure}()
#29 C:\\xampp\\htdocs\\si4301_kelompok2_DocDistrict\\DocDistrict\\vendor\\laravel\\framework\\src\\Illuminate\\Session\\Middleware\\StartSession.php(64): Illuminate\\Session\\Middleware\\StartSession->handleStatefulRequest()
#30 C:\\xampp\\htdocs\\si4301_kelompok2_DocDistrict\\DocDistrict\\vendor\\laravel\\framework\\src\\Illuminate\\Pipeline\\Pipeline.php(167): Illuminate\\Session\\Middleware\\StartSession->handle()
#31 C:\\xampp\\htdocs\\si4301_kelompok2_DocDistrict\\DocDistrict\\vendor\\laravel\\framework\\src\\Illuminate\\Cookie\\Middleware\\AddQueuedCookiesToResponse.php(37): Illuminate\\Pipeline\\Pipeline->Illuminate\\Pipeline\\{closure}()
#32 C:\\xampp\\htdocs\\si4301_kelompok2_DocDistrict\\DocDistrict\\vendor\\laravel\\framework\\src\\Illuminate\\Pipeline\\Pipeline.php(167): Illuminate\\Cookie\\Middleware\\AddQueuedCookiesToResponse->handle()
#33 C:\\xampp\\htdocs\\si4301_kelompok2_DocDistrict\\DocDistrict\\vendor\\laravel\\framework\\src\\Illuminate\\Cookie\\Middleware\\EncryptCookies.php(67): Illuminate\\Pipeline\\Pipeline->Illuminate\\Pipeline\\{closure}()
#34 C:\\xampp\\htdocs\\si4301_kelompok2_DocDistrict\\DocDistrict\\vendor\\laravel\\framework\\src\\Illuminate\\Pipeline\\Pipeline.php(167): Illuminate\\Cookie\\Middleware\\EncryptCookies->handle()
#35 C:\\xampp\\htdocs\\si4301_kelompok2_DocDistrict\\DocDistrict\\vendor\\laravel\\framework\\src\\Illuminate\\Pipeline\\Pipeline.php(103): Illuminate\\Pipeline\\Pipeline->Illuminate\\Pipeline\\{closure}()
#36 C:\\xampp\\htdocs\\si4301_kelompok2_DocDistrict\\DocDistrict\\vendor\\laravel\\framework\\src\\Illuminate\\Routing\\Router.php(697): Illuminate\\Pipeline\\Pipeline->then()
#37 C:\\xampp\\htdocs\\si4301_kelompok2_DocDistrict\\DocDistrict\\vendor\\laravel\\framework\\src\\Illuminate\\Routing\\Router.php(672): Illuminate\\Routing\\Router->runRouteWithinStack()
#38 C:\\xampp\\htdocs\\si4301_kelompok2_DocDistrict\\DocDistrict\\vendor\\laravel\\framework\\src\\Illuminate\\Routing\\Router.php(636): Illuminate\\Routing\\Router->runRoute()
#39 C:\\xampp\\htdocs\\si4301_kelompok2_DocDistrict\\DocDistrict\\vendor\\laravel\\framework\\src\\Illuminate\\Routing\\Router.php(625): Illuminate\\Routing\\Router->dispatchToRoute()
#40 C:\\xampp\\htdocs\\si4301_kelompok2_DocDistrict\\DocDistrict\\vendor\\laravel\\framework\\src\\Illuminate\\Foundation\\Http\\Kernel.php(167): Illuminate\\Routing\\Router->dispatch()
#41 C:\\xampp\\htdocs\\si4301_kelompok2_DocDistrict\\DocDistrict\\vendor\\laravel\\framework\\src\\Illuminate\\Pipeline\\Pipeline.php(128): Illuminate\\Foundation\\Http\\Kernel->Illuminate\\Foundation\\Http\\{closure}()
#42 C:\\xampp\\htdocs\\si4301_kelompok2_DocDistrict\\DocDistrict\\vendor\\laravel\\framework\\src\\Illuminate\\Foundation\\Http\\Middleware\\TransformsRequest.php(21): Illuminate\\Pipeline\\Pipeline->Illuminate\\Pipeline\\{closure}()
#43 C:\\xampp\\htdocs\\si4301_kelompok2_DocDistrict\\DocDistrict\\vendor\\laravel\\framework\\src\\Illuminate\\Foundation\\Http\\Middleware\\ConvertEmptyStringsToNull.php(31): Illuminate\\Foundation\\Http\\Middleware\\TransformsRequest->handle()
#44 C:\\xampp\\htdocs\\si4301_kelompok2_DocDistrict\\DocDistrict\\vendor\\laravel\\framework\\src\\Illuminate\\Pipeline\\Pipeline.php(167): Illuminate\\Foundation\\Http\\Middleware\\ConvertEmptyStringsToNull->handle()
#45 C:\\xampp\\htdocs\\si4301_kelompok2_DocDistrict\\DocDistrict\\vendor\\laravel\\framework\\src\\Illuminate\\Foundation\\Http\\Middleware\\TransformsRequest.php(21): Illuminate\\Pipeline\\Pipeline->Illuminate\\Pipeline\\{closure}()
#46 C:\\xampp\\htdocs\\si4301_kelompok2_DocDistrict\\DocDistrict\\vendor\\laravel\\framework\\src\\Illuminate\\Foundation\\Http\\Middleware\\TrimStrings.php(40): Illuminate\\Foundation\\Http\\Middleware\\TransformsRequest->handle()
#47 C:\\xampp\\htdocs\\si4301_kelompok2_DocDistrict\\DocDistrict\\vendor\\laravel\\framework\\src\\Illuminate\\Pipeline\\Pipeline.php(167): Illuminate\\Foundation\\Http\\Middleware\\TrimStrings->handle()
#48 C:\\xampp\\htdocs\\si4301_kelompok2_DocDistrict\\DocDistrict\\vendor\\laravel\\framework\\src\\Illuminate\\Foundation\\Http\\Middleware\\ValidatePostSize.php(27): Illuminate\\Pipeline\\Pipeline->Illuminate\\Pipeline\\{closure}()
#49 C:\\xampp\\htdocs\\si4301_kelompok2_DocDistrict\\DocDistrict\\vendor\\laravel\\framework\\src\\Illuminate\\Pipeline\\Pipeline.php(167): Illuminate\\Foundation\\Http\\Middleware\\ValidatePostSize->handle()
#50 C:\\xampp\\htdocs\\si4301_kelompok2_DocDistrict\\DocDistrict\\vendor\\laravel\\framework\\src\\Illuminate\\Foundation\\Http\\Middleware\\PreventRequestsDuringMaintenance.php(86): Illuminate\\Pipeline\\Pipeline->Illuminate\\Pipeline\\{closure}()
#51 C:\\xampp\\htdocs\\si4301_kelompok2_DocDistrict\\DocDistrict\\vendor\\laravel\\framework\\src\\Illuminate\\Pipeline\\Pipeline.php(167): Illuminate\\Foundation\\Http\\Middleware\\PreventRequestsDuringMaintenance->handle()
#52 C:\\xampp\\htdocs\\si4301_kelompok2_DocDistrict\\DocDistrict\\vendor\\fruitcake\\laravel-cors\\src\\HandleCors.php(38): Illuminate\\Pipeline\\Pipeline->Illuminate\\Pipeline\\{closure}()
#53 C:\\xampp\\htdocs\\si4301_kelompok2_DocDistrict\\DocDistrict\\vendor\\laravel\\framework\\src\\Illuminate\\Pipeline\\Pipeline.php(167): Fruitcake\\Cors\\HandleCors->handle()
#54 C:\\xampp\\htdocs\\si4301_kelompok2_DocDistrict\\DocDistrict\\vendor\\laravel\\framework\\src\\Illuminate\\Http\\Middleware\\TrustProxies.php(39): Illuminate\\Pipeline\\Pipeline->Illuminate\\Pipeline\\{closure}()
#55 C:\\xampp\\htdocs\\si4301_kelompok2_DocDistrict\\DocDistrict\\vendor\\laravel\\framework\\src\\Illuminate\\Pipeline\\Pipeline.php(167): Illuminate\\Http\\Middleware\\TrustProxies->handle()
#56 C:\\xampp\\htdocs\\si4301_kelompok2_DocDistrict\\DocDistrict\\vendor\\laravel\\framework\\src\\Illuminate\\Pipeline\\Pipeline.php(103): Illuminate\\Pipeline\\Pipeline->Illuminate\\Pipeline\\{closure}()
#57 C:\\xampp\\htdocs\\si4301_kelompok2_DocDistrict\\DocDistrict\\vendor\\laravel\\framework\\src\\Illuminate\\Foundation\\Http\\Kernel.php(142): Illuminate\\Pipeline\\Pipeline->then()
#58 C:\\xampp\\htdocs\\si4301_kelompok2_DocDistrict\\DocDistrict\\vendor\\laravel\\framework\\src\\Illuminate\\Foundation\\Http\\Kernel.php(111): Illuminate\\Foundation\\Http\\Kernel->sendRequestThroughRouter()
#59 C:\\xampp\\htdocs\\si4301_kelompok2_DocDistrict\\DocDistrict\\public\\index.php(52): Illuminate\\Foundation\\Http\\Kernel->handle()
#60 C:\\xampp\\htdocs\\si4301_kelompok2_DocDistrict\\DocDistrict\\server.php(21): require_once('...')
#61 {main}

[previous exception] [object] (PDOException(code: 42S02): SQLSTATE[42S02]: Base table or view not found: 1146 Table 'wad_tubes.users' doesn't exist at C:\\xampp\\htdocs\\si4301_kelompok2_DocDistrict\\DocDistrict\\vendor\\laravel\\framework\\src\\Illuminate\\Database\\Connection.php:486)
[stacktrace]
#0 C:\\xampp\\htdocs\\si4301_kelompok2_DocDistrict\\DocDistrict\\vendor\\laravel\\framework\\src\\Illuminate\\Database\\Connection.php(486): PDO->prepare()
#1 C:\\xampp\\htdocs\\si4301_kelompok2_DocDistrict\\DocDistrict\\vendor\\laravel\\framework\\src\\Illuminate\\Database\\Connection.php(696): Illuminate\\Database\\Connection->Illuminate\\Database\\{closure}()
#2 C:\\xampp\\htdocs\\si4301_kelompok2_DocDistrict\\DocDistrict\\vendor\\laravel\\framework\\src\\Illuminate\\Database\\Connection.php(663): Illuminate\\Database\\Connection->runQueryCallback()
#3 C:\\xampp\\htdocs\\si4301_kelompok2_DocDistrict\\DocDistrict\\vendor\\laravel\\framework\\src\\Illuminate\\Database\\Connection.php(493): Illuminate\\Database\\Connection->run()
#4 C:\\xampp\\htdocs\\si4301_kelompok2_DocDistrict\\DocDistrict\\vendor\\laravel\\framework\\src\\Illuminate\\Database\\Connection.php(445): Illuminate\\Database\\Connection->statement()
#5 C:\\xampp\\htdocs\\si4301_kelompok2_DocDistrict\\DocDistrict\\vendor\\laravel\\framework\\src\\Illuminate\\Database\\Query\\Processors\\Processor.php(32): Illuminate\\Database\\Connection->insert()
#6 C:\\xampp\\htdocs\\si4301_kelompok2_DocDistrict\\DocDistrict\\vendor\\laravel\\framework\\src\\Illuminate\\Database\\Query\\Builder.php(2966): Illuminate\\Database\\Query\\Processors\\Processor->processInsertGetId()
#7 C:\\xampp\\htdocs\\si4301_kelompok2_DocDistrict\\DocDistrict\\vendor\\laravel\\framework\\src\\Illuminate\\Database\\Eloquent\\Builder.php(1655): Illuminate\\Database\\Query\\Builder->insertGetId()
#8 C:\\xampp\\htdocs\\si4301_kelompok2_DocDistrict\\DocDistrict\\vendor\\laravel\\framework\\src\\Illuminate\\Database\\Eloquent\\Model.php(1188): Illuminate\\Database\\Eloquent\\Builder->__call()
#9 C:\\xampp\\htdocs\\si4301_kelompok2_DocDistrict\\DocDistrict\\vendor\\laravel\\framework\\src\\Illuminate\\Database\\Eloquent\\Model.php(1153): Illuminate\\Database\\Eloquent\\Model->insertAndSetId()
#10 C:\\xampp\\htdocs\\si4301_kelompok2_DocDistrict\\DocDistrict\\vendor\\laravel\\framework\\src\\Illuminate\\Database\\Eloquent\\Model.php(994): Illuminate\\Database\\Eloquent\\Model->performInsert()
#11 C:\\xampp\\htdocs\\si4301_kelompok2_DocDistrict\\DocDistrict\\vendor\\laravel\\framework\\src\\Illuminate\\Database\\Eloquent\\Builder.php(894): Illuminate\\Database\\Eloquent\\Model->save()
#12 C:\\xampp\\htdocs\\si4301_kelompok2_DocDistrict\\DocDistrict\\vendor\\laravel\\framework\\src\\Illuminate\\Support\\helpers.php(263): Illuminate\\Database\\Eloquent\\Builder->Illuminate\\Database\\Eloquent\\{closure}()
#13 C:\\xampp\\htdocs\\si4301_kelompok2_DocDistrict\\DocDistrict\\vendor\\laravel\\framework\\src\\Illuminate\\Database\\Eloquent\\Builder.php(895): tap()
#14 C:\\xampp\\htdocs\\si4301_kelompok2_DocDistrict\\DocDistrict\\vendor\\laravel\\framework\\src\\Illuminate\\Support\\Traits\\ForwardsCalls.php(23): Illuminate\\Database\\Eloquent\\Builder->create()
#15 C:\\xampp\\htdocs\\si4301_kelompok2_DocDistrict\\DocDistrict\\vendor\\laravel\\framework\\src\\Illuminate\\Database\\Eloquent\\Model.php(2132): Illuminate\\Database\\Eloquent\\Model->forwardCallTo()
#16 C:\\xampp\\htdocs\\si4301_kelompok2_DocDistrict\\DocDistrict\\vendor\\laravel\\framework\\src\\Illuminate\\Database\\Eloquent\\Model.php(2144): Illuminate\\Database\\Eloquent\\Model->__call()
#17 C:\\xampp\\htdocs\\si4301_kelompok2_DocDistrict\\DocDistrict\\app\\Http\\Controllers\\user_controller.php(42): Illuminate\\Database\\Eloquent\\Model::__callStatic()
#18 C:\\xampp\\htdocs\\si4301_kelompok2_DocDistrict\\DocDistrict\\vendor\\laravel\\framework\\src\\Illuminate\\Routing\\Controller.php(54): App\\Http\\Controllers\\user_controller->store()
#19 C:\\xampp\\htdocs\\si4301_kelompok2_DocDistrict\\DocDistrict\\vendor\\laravel\\framework\\src\\Illuminate\\Routing\\ControllerDispatcher.php(45): Illuminate\\Routing\\Controller->callAction()
#20 C:\\xampp\\htdocs\\si4301_kelompok2_DocDistrict\\DocDistrict\\vendor\\laravel\\framework\\src\\Illuminate\\Routing\\Route.php(262): Illuminate\\Routing\\ControllerDispatcher->dispatch()
#21 C:\\xampp\\htdocs\\si4301_kelompok2_DocDistrict\\DocDistrict\\vendor\\laravel\\framework\\src\\Illuminate\\Routing\\Route.php(205): Illuminate\\Routing\\Route->runController()
#22 C:\\xampp\\htdocs\\si4301_kelompok2_DocDistrict\\DocDistrict\\vendor\\laravel\\framework\\src\\Illuminate\\Routing\\Router.php(695): Illuminate\\Routing\\Route->run()
#23 C:\\xampp\\htdocs\\si4301_kelompok2_DocDistrict\\DocDistrict\\vendor\\laravel\\framework\\src\\Illuminate\\Pipeline\\Pipeline.php(128): Illuminate\\Routing\\Router->Illuminate\\Routing\\{closure}()
#24 C:\\xampp\\htdocs\\si4301_kelompok2_DocDistrict\\DocDistrict\\vendor\\laravel\\framework\\src\\Illuminate\\Routing\\Middleware\\SubstituteBindings.php(50): Illuminate\\Pipeline\\Pipeline->Illuminate\\Pipeline\\{closure}()
#25 C:\\xampp\\htdocs\\si4301_kelompok2_DocDistrict\\DocDistrict\\vendor\\laravel\\framework\\src\\Illuminate\\Pipeline\\Pipeline.php(167): Illuminate\\Routing\\Middleware\\SubstituteBindings->handle()
#26 C:\\xampp\\htdocs\\si4301_kelompok2_DocDistrict\\DocDistrict\\vendor\\laravel\\framework\\src\\Illuminate\\Foundation\\Http\\Middleware\\VerifyCsrfToken.php(78): Illuminate\\Pipeline\\Pipeline->Illuminate\\Pipeline\\{closure}()
#27 C:\\xampp\\htdocs\\si4301_kelompok2_DocDistrict\\DocDistrict\\vendor\\laravel\\framework\\src\\Illuminate\\Pipeline\\Pipeline.php(167): Illuminate\\Foundation\\Http\\Middleware\\VerifyCsrfToken->handle()
#28 C:\\xampp\\htdocs\\si4301_kelompok2_DocDistrict\\DocDistrict\\vendor\\laravel\\framework\\src\\Illuminate\\View\\Middleware\\ShareErrorsFromSession.php(49): Illuminate\\Pipeline\\Pipeline->Illuminate\\Pipeline\\{closure}()
#29 C:\\xampp\\htdocs\\si4301_kelompok2_DocDistrict\\DocDistrict\\vendor\\laravel\\framework\\src\\Illuminate\\Pipeline\\Pipeline.php(167): Illuminate\\View\\Middleware\\ShareErrorsFromSession->handle()
#30 C:\\xampp\\htdocs\\si4301_kelompok2_DocDistrict\\DocDistrict\\vendor\\laravel\\framework\\src\\Illuminate\\Session\\Middleware\\StartSession.php(121): Illuminate\\Pipeline\\Pipeline->Illuminate\\Pipeline\\{closure}()
#31 C:\\xampp\\htdocs\\si4301_kelompok2_DocDistrict\\DocDistrict\\vendor\\laravel\\framework\\src\\Illuminate\\Session\\Middleware\\StartSession.php(64): Illuminate\\Session\\Middleware\\StartSession->handleStatefulRequest()
#32 C:\\xampp\\htdocs\\si4301_kelompok2_DocDistrict\\DocDistrict\\vendor\\laravel\\framework\\src\\Illuminate\\Pipeline\\Pipeline.php(167): Illuminate\\Session\\Middleware\\StartSession->handle()
#33 C:\\xampp\\htdocs\\si4301_kelompok2_DocDistrict\\DocDistrict\\vendor\\laravel\\framework\\src\\Illuminate\\Cookie\\Middleware\\AddQueuedCookiesToResponse.php(37): Illuminate\\Pipeline\\Pipeline->Illuminate\\Pipeline\\{closure}()
#34 C:\\xampp\\htdocs\\si4301_kelompok2_DocDistrict\\DocDistrict\\vendor\\laravel\\framework\\src\\Illuminate\\Pipeline\\Pipeline.php(167): Illuminate\\Cookie\\Middleware\\AddQueuedCookiesToResponse->handle()
#35 C:\\xampp\\htdocs\\si4301_kelompok2_DocDistrict\\DocDistrict\\vendor\\laravel\\framework\\src\\Illuminate\\Cookie\\Middleware\\EncryptCookies.php(67): Illuminate\\Pipeline\\Pipeline->Illuminate\\Pipeline\\{closure}()
#36 C:\\xampp\\htdocs\\si4301_kelompok2_DocDistrict\\DocDistrict\\vendor\\laravel\\framework\\src\\Illuminate\\Pipeline\\Pipeline.php(167): Illuminate\\Cookie\\Middleware\\EncryptCookies->handle()
#37 C:\\xampp\\htdocs\\si4301_kelompok2_DocDistrict\\DocDistrict\\vendor\\laravel\\framework\\src\\Illuminate\\Pipeline\\Pipeline.php(103): Illuminate\\Pipeline\\Pipeline->Illuminate\\Pipeline\\{closure}()
#38 C:\\xampp\\htdocs\\si4301_kelompok2_DocDistrict\\DocDistrict\\vendor\\laravel\\framework\\src\\Illuminate\\Routing\\Router.php(697): Illuminate\\Pipeline\\Pipeline->then()
#39 C:\\xampp\\htdocs\\si4301_kelompok2_DocDistrict\\DocDistrict\\vendor\\laravel\\framework\\src\\Illuminate\\Routing\\Router.php(672): Illuminate\\Routing\\Router->runRouteWithinStack()
#40 C:\\xampp\\htdocs\\si4301_kelompok2_DocDistrict\\DocDistrict\\vendor\\laravel\\framework\\src\\Illuminate\\Routing\\Router.php(636): Illuminate\\Routing\\Router->runRoute()
#41 C:\\xampp\\htdocs\\si4301_kelompok2_DocDistrict\\DocDistrict\\vendor\\laravel\\framework\\src\\Illuminate\\Routing\\Router.php(625): Illuminate\\Routing\\Router->dispatchToRoute()
#42 C:\\xampp\\htdocs\\si4301_kelompok2_DocDistrict\\DocDistrict\\vendor\\laravel\\framework\\src\\Illuminate\\Foundation\\Http\\Kernel.php(167): Illuminate\\Routing\\Router->dispatch()
#43 C:\\xampp\\htdocs\\si4301_kelompok2_DocDistrict\\DocDistrict\\vendor\\laravel\\framework\\src\\Illuminate\\Pipeline\\Pipeline.php(128): Illuminate\\Foundation\\Http\\Kernel->Illuminate\\Foundation\\Http\\{closure}()
#44 C:\\xampp\\htdocs\\si4301_kelompok2_DocDistrict\\DocDistrict\\vendor\\laravel\\framework\\src\\Illuminate\\Foundation\\Http\\Middleware\\TransformsRequest.php(21): Illuminate\\Pipeline\\Pipeline->Illuminate\\Pipeline\\{closure}()
#45 C:\\xampp\\htdocs\\si4301_kelompok2_DocDistrict\\DocDistrict\\vendor\\laravel\\framework\\src\\Illuminate\\Foundation\\Http\\Middleware\\ConvertEmptyStringsToNull.php(31): Illuminate\\Foundation\\Http\\Middleware\\TransformsRequest->handle()
#46 C:\\xampp\\htdocs\\si4301_kelompok2_DocDistrict\\DocDistrict\\vendor\\laravel\\framework\\src\\Illuminate\\Pipeline\\Pipeline.php(167): Illuminate\\Foundation\\Http\\Middleware\\ConvertEmptyStringsToNull->handle()
#47 C:\\xampp\\htdocs\\si4301_kelompok2_DocDistrict\\DocDistrict\\vendor\\laravel\\framework\\src\\Illuminate\\Foundation\\Http\\Middleware\\TransformsRequest.php(21): Illuminate\\Pipeline\\Pipeline->Illuminate\\Pipeline\\{closure}()
#48 C:\\xampp\\htdocs\\si4301_kelompok2_DocDistrict\\DocDistrict\\vendor\\laravel\\framework\\src\\Illuminate\\Foundation\\Http\\Middleware\\TrimStrings.php(40): Illuminate\\Foundation\\Http\\Middleware\\TransformsRequest->handle()
#49 C:\\xampp\\htdocs\\si4301_kelompok2_DocDistrict\\DocDistrict\\vendor\\laravel\\framework\\src\\Illuminate\\Pipeline\\Pipeline.php(167): Illuminate\\Foundation\\Http\\Middleware\\TrimStrings->handle()
#50 C:\\xampp\\htdocs\\si4301_kelompok2_DocDistrict\\DocDistrict\\vendor\\laravel\\framework\\src\\Illuminate\\Foundation\\Http\\Middleware\\ValidatePostSize.php(27): Illuminate\\Pipeline\\Pipeline->Illuminate\\Pipeline\\{closure}()
#51 C:\\xampp\\htdocs\\si4301_kelompok2_DocDistrict\\DocDistrict\\vendor\\laravel\\framework\\src\\Illuminate\\Pipeline\\Pipeline.php(167): Illuminate\\Foundation\\Http\\Middleware\\ValidatePostSize->handle()
#52 C:\\xampp\\htdocs\\si4301_kelompok2_DocDistrict\\DocDistrict\\vendor\\laravel\\framework\\src\\Illuminate\\Foundation\\Http\\Middleware\\PreventRequestsDuringMaintenance.php(86): Illuminate\\Pipeline\\Pipeline->Illuminate\\Pipeline\\{closure}()
#53 C:\\xampp\\htdocs\\si4301_kelompok2_DocDistrict\\DocDistrict\\vendor\\laravel\\framework\\src\\Illuminate\\Pipeline\\Pipeline.php(167): Illuminate\\Foundation\\Http\\Middleware\\PreventRequestsDuringMaintenance->handle()
#54 C:\\xampp\\htdocs\\si4301_kelompok2_DocDistrict\\DocDistrict\\vendor\\fruitcake\\laravel-cors\\src\\HandleCors.php(38): Illuminate\\Pipeline\\Pipeline->Illuminate\\Pipeline\\{closure}()
#55 C:\\xampp\\htdocs\\si4301_kelompok2_DocDistrict\\DocDistrict\\vendor\\laravel\\framework\\src\\Illuminate\\Pipeline\\Pipeline.php(167): Fruitcake\\Cors\\HandleCors->handle()
#56 C:\\xampp\\htdocs\\si4301_kelompok2_DocDistrict\\DocDistrict\\vendor\\laravel\\framework\\src\\Illuminate\\Http\\Middleware\\TrustProxies.php(39): Illuminate\\Pipeline\\Pipeline->Illuminate\\Pipeline\\{closure}()
#57 C:\\xampp\\htdocs\\si4301_kelompok2_DocDistrict\\DocDistrict\\vendor\\laravel\\framework\\src\\Illuminate\\Pipeline\\Pipeline.php(167): Illuminate\\Http\\Middleware\\TrustProxies->handle()
#58 C:\\xampp\\htdocs\\si4301_kelompok2_DocDistrict\\DocDistrict\\vendor\\laravel\\framework\\src\\Illuminate\\Pipeline\\Pipeline.php(103): Illuminate\\Pipeline\\Pipeline->Illuminate\\Pipeline\\{closure}()
#59 C:\\xampp\\htdocs\\si4301_kelompok2_DocDistrict\\DocDistrict\\vendor\\laravel\\framework\\src\\Illuminate\\Foundation\\Http\\Kernel.php(142): Illuminate\\Pipeline\\Pipeline->then()
#60 C:\\xampp\\htdocs\\si4301_kelompok2_DocDistrict\\DocDistrict\\vendor\\laravel\\framework\\src\\Illuminate\\Foundation\\Http\\Kernel.php(111): Illuminate\\Foundation\\Http\\Kernel->sendRequestThroughRouter()
#61 C:\\xampp\\htdocs\\si4301_kelompok2_DocDistrict\\DocDistrict\\public\\index.php(52): Illuminate\\Foundation\\Http\\Kernel->handle()
#62 C:\\xampp\\htdocs\\si4301_kelompok2_DocDistrict\\DocDistrict\\server.php(21): require_once('...')
#63 {main}
"} 
[2022-01-05 22:55:49] local.ERROR: SQLSTATE[HY000] [2002] No connection could be made because the target machine actively refused it (SQL: insert into `user` (`nama`, `email`, `password`, `noHP`) values (Pelanggan 2, qaisshaddam98@gmail.com, awdadadad, 2312312323)) {"exception":"[object] (Illuminate\\Database\\QueryException(code: 2002): SQLSTATE[HY000] [2002] No connection could be made because the target machine actively refused it (SQL: insert into `user` (`nama`, `email`, `password`, `noHP`) values (Pelanggan 2, qaisshaddam98@gmail.com, awdadadad, 2312312323)) at C:\\xampp\\htdocs\\si4301_kelompok2_DocDistrict\\DocDistrict\\vendor\\laravel\\framework\\src\\Illuminate\\Database\\Connection.php:703)
[stacktrace]
#0 C:\\xampp\\htdocs\\si4301_kelompok2_DocDistrict\\DocDistrict\\vendor\\laravel\\framework\\src\\Illuminate\\Database\\Connection.php(663): Illuminate\\Database\\Connection->runQueryCallback()
#1 C:\\xampp\\htdocs\\si4301_kelompok2_DocDistrict\\DocDistrict\\vendor\\laravel\\framework\\src\\Illuminate\\Database\\Connection.php(493): Illuminate\\Database\\Connection->run()
#2 C:\\xampp\\htdocs\\si4301_kelompok2_DocDistrict\\DocDistrict\\vendor\\laravel\\framework\\src\\Illuminate\\Database\\Connection.php(445): Illuminate\\Database\\Connection->statement()
#3 C:\\xampp\\htdocs\\si4301_kelompok2_DocDistrict\\DocDistrict\\vendor\\laravel\\framework\\src\\Illuminate\\Database\\Query\\Processors\\Processor.php(32): Illuminate\\Database\\Connection->insert()
#4 C:\\xampp\\htdocs\\si4301_kelompok2_DocDistrict\\DocDistrict\\vendor\\laravel\\framework\\src\\Illuminate\\Database\\Query\\Builder.php(2966): Illuminate\\Database\\Query\\Processors\\Processor->processInsertGetId()
#5 C:\\xampp\\htdocs\\si4301_kelompok2_DocDistrict\\DocDistrict\\vendor\\laravel\\framework\\src\\Illuminate\\Database\\Eloquent\\Builder.php(1655): Illuminate\\Database\\Query\\Builder->insertGetId()
#6 C:\\xampp\\htdocs\\si4301_kelompok2_DocDistrict\\DocDistrict\\vendor\\laravel\\framework\\src\\Illuminate\\Database\\Eloquent\\Model.php(1188): Illuminate\\Database\\Eloquent\\Builder->__call()
#7 C:\\xampp\\htdocs\\si4301_kelompok2_DocDistrict\\DocDistrict\\vendor\\laravel\\framework\\src\\Illuminate\\Database\\Eloquent\\Model.php(1153): Illuminate\\Database\\Eloquent\\Model->insertAndSetId()
#8 C:\\xampp\\htdocs\\si4301_kelompok2_DocDistrict\\DocDistrict\\vendor\\laravel\\framework\\src\\Illuminate\\Database\\Eloquent\\Model.php(994): Illuminate\\Database\\Eloquent\\Model->performInsert()
#9 C:\\xampp\\htdocs\\si4301_kelompok2_DocDistrict\\DocDistrict\\vendor\\laravel\\framework\\src\\Illuminate\\Database\\Eloquent\\Builder.php(894): Illuminate\\Database\\Eloquent\\Model->save()
#10 C:\\xampp\\htdocs\\si4301_kelompok2_DocDistrict\\DocDistrict\\vendor\\laravel\\framework\\src\\Illuminate\\Support\\helpers.php(263): Illuminate\\Database\\Eloquent\\Builder->Illuminate\\Database\\Eloquent\\{closure}()
#11 C:\\xampp\\htdocs\\si4301_kelompok2_DocDistrict\\DocDistrict\\vendor\\laravel\\framework\\src\\Illuminate\\Database\\Eloquent\\Builder.php(895): tap()
#12 C:\\xampp\\htdocs\\si4301_kelompok2_DocDistrict\\DocDistrict\\vendor\\laravel\\framework\\src\\Illuminate\\Support\\Traits\\ForwardsCalls.php(23): Illuminate\\Database\\Eloquent\\Builder->create()
#13 C:\\xampp\\htdocs\\si4301_kelompok2_DocDistrict\\DocDistrict\\vendor\\laravel\\framework\\src\\Illuminate\\Database\\Eloquent\\Model.php(2132): Illuminate\\Database\\Eloquent\\Model->forwardCallTo()
#14 C:\\xampp\\htdocs\\si4301_kelompok2_DocDistrict\\DocDistrict\\vendor\\laravel\\framework\\src\\Illuminate\\Database\\Eloquent\\Model.php(2144): Illuminate\\Database\\Eloquent\\Model->__call()
#15 C:\\xampp\\htdocs\\si4301_kelompok2_DocDistrict\\DocDistrict\\app\\Http\\Controllers\\user_controller.php(42): Illuminate\\Database\\Eloquent\\Model::__callStatic()
#16 C:\\xampp\\htdocs\\si4301_kelompok2_DocDistrict\\DocDistrict\\vendor\\laravel\\framework\\src\\Illuminate\\Routing\\Controller.php(54): App\\Http\\Controllers\\user_controller->store()
#17 C:\\xampp\\htdocs\\si4301_kelompok2_DocDistrict\\DocDistrict\\vendor\\laravel\\framework\\src\\Illuminate\\Routing\\ControllerDispatcher.php(45): Illuminate\\Routing\\Controller->callAction()
#18 C:\\xampp\\htdocs\\si4301_kelompok2_DocDistrict\\DocDistrict\\vendor\\laravel\\framework\\src\\Illuminate\\Routing\\Route.php(262): Illuminate\\Routing\\ControllerDispatcher->dispatch()
#19 C:\\xampp\\htdocs\\si4301_kelompok2_DocDistrict\\DocDistrict\\vendor\\laravel\\framework\\src\\Illuminate\\Routing\\Route.php(205): Illuminate\\Routing\\Route->runController()
#20 C:\\xampp\\htdocs\\si4301_kelompok2_DocDistrict\\DocDistrict\\vendor\\laravel\\framework\\src\\Illuminate\\Routing\\Router.php(695): Illuminate\\Routing\\Route->run()
#21 C:\\xampp\\htdocs\\si4301_kelompok2_DocDistrict\\DocDistrict\\vendor\\laravel\\framework\\src\\Illuminate\\Pipeline\\Pipeline.php(128): Illuminate\\Routing\\Router->Illuminate\\Routing\\{closure}()
#22 C:\\xampp\\htdocs\\si4301_kelompok2_DocDistrict\\DocDistrict\\vendor\\laravel\\framework\\src\\Illuminate\\Routing\\Middleware\\SubstituteBindings.php(50): Illuminate\\Pipeline\\Pipeline->Illuminate\\Pipeline\\{closure}()
#23 C:\\xampp\\htdocs\\si4301_kelompok2_DocDistrict\\DocDistrict\\vendor\\laravel\\framework\\src\\Illuminate\\Pipeline\\Pipeline.php(167): Illuminate\\Routing\\Middleware\\SubstituteBindings->handle()
#24 C:\\xampp\\htdocs\\si4301_kelompok2_DocDistrict\\DocDistrict\\vendor\\laravel\\framework\\src\\Illuminate\\Foundation\\Http\\Middleware\\VerifyCsrfToken.php(78): Illuminate\\Pipeline\\Pipeline->Illuminate\\Pipeline\\{closure}()
#25 C:\\xampp\\htdocs\\si4301_kelompok2_DocDistrict\\DocDistrict\\vendor\\laravel\\framework\\src\\Illuminate\\Pipeline\\Pipeline.php(167): Illuminate\\Foundation\\Http\\Middleware\\VerifyCsrfToken->handle()
#26 C:\\xampp\\htdocs\\si4301_kelompok2_DocDistrict\\DocDistrict\\vendor\\laravel\\framework\\src\\Illuminate\\View\\Middleware\\ShareErrorsFromSession.php(49): Illuminate\\Pipeline\\Pipeline->Illuminate\\Pipeline\\{closure}()
#27 C:\\xampp\\htdocs\\si4301_kelompok2_DocDistrict\\DocDistrict\\vendor\\laravel\\framework\\src\\Illuminate\\Pipeline\\Pipeline.php(167): Illuminate\\View\\Middleware\\ShareErrorsFromSession->handle()
#28 C:\\xampp\\htdocs\\si4301_kelompok2_DocDistrict\\DocDistrict\\vendor\\laravel\\framework\\src\\Illuminate\\Session\\Middleware\\StartSession.php(121): Illuminate\\Pipeline\\Pipeline->Illuminate\\Pipeline\\{closure}()
#29 C:\\xampp\\htdocs\\si4301_kelompok2_DocDistrict\\DocDistrict\\vendor\\laravel\\framework\\src\\Illuminate\\Session\\Middleware\\StartSession.php(64): Illuminate\\Session\\Middleware\\StartSession->handleStatefulRequest()
#30 C:\\xampp\\htdocs\\si4301_kelompok2_DocDistrict\\DocDistrict\\vendor\\laravel\\framework\\src\\Illuminate\\Pipeline\\Pipeline.php(167): Illuminate\\Session\\Middleware\\StartSession->handle()
#31 C:\\xampp\\htdocs\\si4301_kelompok2_DocDistrict\\DocDistrict\\vendor\\laravel\\framework\\src\\Illuminate\\Cookie\\Middleware\\AddQueuedCookiesToResponse.php(37): Illuminate\\Pipeline\\Pipeline->Illuminate\\Pipeline\\{closure}()
#32 C:\\xampp\\htdocs\\si4301_kelompok2_DocDistrict\\DocDistrict\\vendor\\laravel\\framework\\src\\Illuminate\\Pipeline\\Pipeline.php(167): Illuminate\\Cookie\\Middleware\\AddQueuedCookiesToResponse->handle()
#33 C:\\xampp\\htdocs\\si4301_kelompok2_DocDistrict\\DocDistrict\\vendor\\laravel\\framework\\src\\Illuminate\\Cookie\\Middleware\\EncryptCookies.php(67): Illuminate\\Pipeline\\Pipeline->Illuminate\\Pipeline\\{closure}()
#34 C:\\xampp\\htdocs\\si4301_kelompok2_DocDistrict\\DocDistrict\\vendor\\laravel\\framework\\src\\Illuminate\\Pipeline\\Pipeline.php(167): Illuminate\\Cookie\\Middleware\\EncryptCookies->handle()
#35 C:\\xampp\\htdocs\\si4301_kelompok2_DocDistrict\\DocDistrict\\vendor\\laravel\\framework\\src\\Illuminate\\Pipeline\\Pipeline.php(103): Illuminate\\Pipeline\\Pipeline->Illuminate\\Pipeline\\{closure}()
#36 C:\\xampp\\htdocs\\si4301_kelompok2_DocDistrict\\DocDistrict\\vendor\\laravel\\framework\\src\\Illuminate\\Routing\\Router.php(697): Illuminate\\Pipeline\\Pipeline->then()
#37 C:\\xampp\\htdocs\\si4301_kelompok2_DocDistrict\\DocDistrict\\vendor\\laravel\\framework\\src\\Illuminate\\Routing\\Router.php(672): Illuminate\\Routing\\Router->runRouteWithinStack()
#38 C:\\xampp\\htdocs\\si4301_kelompok2_DocDistrict\\DocDistrict\\vendor\\laravel\\framework\\src\\Illuminate\\Routing\\Router.php(636): Illuminate\\Routing\\Router->runRoute()
#39 C:\\xampp\\htdocs\\si4301_kelompok2_DocDistrict\\DocDistrict\\vendor\\laravel\\framework\\src\\Illuminate\\Routing\\Router.php(625): Illuminate\\Routing\\Router->dispatchToRoute()
#40 C:\\xampp\\htdocs\\si4301_kelompok2_DocDistrict\\DocDistrict\\vendor\\laravel\\framework\\src\\Illuminate\\Foundation\\Http\\Kernel.php(167): Illuminate\\Routing\\Router->dispatch()
#41 C:\\xampp\\htdocs\\si4301_kelompok2_DocDistrict\\DocDistrict\\vendor\\laravel\\framework\\src\\Illuminate\\Pipeline\\Pipeline.php(128): Illuminate\\Foundation\\Http\\Kernel->Illuminate\\Foundation\\Http\\{closure}()
#42 C:\\xampp\\htdocs\\si4301_kelompok2_DocDistrict\\DocDistrict\\vendor\\laravel\\framework\\src\\Illuminate\\Foundation\\Http\\Middleware\\TransformsRequest.php(21): Illuminate\\Pipeline\\Pipeline->Illuminate\\Pipeline\\{closure}()
#43 C:\\xampp\\htdocs\\si4301_kelompok2_DocDistrict\\DocDistrict\\vendor\\laravel\\framework\\src\\Illuminate\\Foundation\\Http\\Middleware\\ConvertEmptyStringsToNull.php(31): Illuminate\\Foundation\\Http\\Middleware\\TransformsRequest->handle()
#44 C:\\xampp\\htdocs\\si4301_kelompok2_DocDistrict\\DocDistrict\\vendor\\laravel\\framework\\src\\Illuminate\\Pipeline\\Pipeline.php(167): Illuminate\\Foundation\\Http\\Middleware\\ConvertEmptyStringsToNull->handle()
#45 C:\\xampp\\htdocs\\si4301_kelompok2_DocDistrict\\DocDistrict\\vendor\\laravel\\framework\\src\\Illuminate\\Foundation\\Http\\Middleware\\TransformsRequest.php(21): Illuminate\\Pipeline\\Pipeline->Illuminate\\Pipeline\\{closure}()
#46 C:\\xampp\\htdocs\\si4301_kelompok2_DocDistrict\\DocDistrict\\vendor\\laravel\\framework\\src\\Illuminate\\Foundation\\Http\\Middleware\\TrimStrings.php(40): Illuminate\\Foundation\\Http\\Middleware\\TransformsRequest->handle()
#47 C:\\xampp\\htdocs\\si4301_kelompok2_DocDistrict\\DocDistrict\\vendor\\laravel\\framework\\src\\Illuminate\\Pipeline\\Pipeline.php(167): Illuminate\\Foundation\\Http\\Middleware\\TrimStrings->handle()
#48 C:\\xampp\\htdocs\\si4301_kelompok2_DocDistrict\\DocDistrict\\vendor\\laravel\\framework\\src\\Illuminate\\Foundation\\Http\\Middleware\\ValidatePostSize.php(27): Illuminate\\Pipeline\\Pipeline->Illuminate\\Pipeline\\{closure}()
#49 C:\\xampp\\htdocs\\si4301_kelompok2_DocDistrict\\DocDistrict\\vendor\\laravel\\framework\\src\\Illuminate\\Pipeline\\Pipeline.php(167): Illuminate\\Foundation\\Http\\Middleware\\ValidatePostSize->handle()
#50 C:\\xampp\\htdocs\\si4301_kelompok2_DocDistrict\\DocDistrict\\vendor\\laravel\\framework\\src\\Illuminate\\Foundation\\Http\\Middleware\\PreventRequestsDuringMaintenance.php(86): Illuminate\\Pipeline\\Pipeline->Illuminate\\Pipeline\\{closure}()
#51 C:\\xampp\\htdocs\\si4301_kelompok2_DocDistrict\\DocDistrict\\vendor\\laravel\\framework\\src\\Illuminate\\Pipeline\\Pipeline.php(167): Illuminate\\Foundation\\Http\\Middleware\\PreventRequestsDuringMaintenance->handle()
#52 C:\\xampp\\htdocs\\si4301_kelompok2_DocDistrict\\DocDistrict\\vendor\\fruitcake\\laravel-cors\\src\\HandleCors.php(38): Illuminate\\Pipeline\\Pipeline->Illuminate\\Pipeline\\{closure}()
#53 C:\\xampp\\htdocs\\si4301_kelompok2_DocDistrict\\DocDistrict\\vendor\\laravel\\framework\\src\\Illuminate\\Pipeline\\Pipeline.php(167): Fruitcake\\Cors\\HandleCors->handle()
#54 C:\\xampp\\htdocs\\si4301_kelompok2_DocDistrict\\DocDistrict\\vendor\\laravel\\framework\\src\\Illuminate\\Http\\Middleware\\TrustProxies.php(39): Illuminate\\Pipeline\\Pipeline->Illuminate\\Pipeline\\{closure}()
#55 C:\\xampp\\htdocs\\si4301_kelompok2_DocDistrict\\DocDistrict\\vendor\\laravel\\framework\\src\\Illuminate\\Pipeline\\Pipeline.php(167): Illuminate\\Http\\Middleware\\TrustProxies->handle()
#56 C:\\xampp\\htdocs\\si4301_kelompok2_DocDistrict\\DocDistrict\\vendor\\laravel\\framework\\src\\Illuminate\\Pipeline\\Pipeline.php(103): Illuminate\\Pipeline\\Pipeline->Illuminate\\Pipeline\\{closure}()
#57 C:\\xampp\\htdocs\\si4301_kelompok2_DocDistrict\\DocDistrict\\vendor\\laravel\\framework\\src\\Illuminate\\Foundation\\Http\\Kernel.php(142): Illuminate\\Pipeline\\Pipeline->then()
#58 C:\\xampp\\htdocs\\si4301_kelompok2_DocDistrict\\DocDistrict\\vendor\\laravel\\framework\\src\\Illuminate\\Foundation\\Http\\Kernel.php(111): Illuminate\\Foundation\\Http\\Kernel->sendRequestThroughRouter()
#59 C:\\xampp\\htdocs\\si4301_kelompok2_DocDistrict\\DocDistrict\\public\\index.php(52): Illuminate\\Foundation\\Http\\Kernel->handle()
#60 C:\\xampp\\htdocs\\si4301_kelompok2_DocDistrict\\DocDistrict\\server.php(21): require_once('...')
#61 {main}

[previous exception] [object] (PDOException(code: 2002): SQLSTATE[HY000] [2002] No connection could be made because the target machine actively refused it at C:\\xampp\\htdocs\\si4301_kelompok2_DocDistrict\\DocDistrict\\vendor\\laravel\\framework\\src\\Illuminate\\Database\\Connectors\\Connector.php:70)
[stacktrace]
#0 C:\\xampp\\htdocs\\si4301_kelompok2_DocDistrict\\DocDistrict\\vendor\\laravel\\framework\\src\\Illuminate\\Database\\Connectors\\Connector.php(70): PDO->__construct()
#1 C:\\xampp\\htdocs\\si4301_kelompok2_DocDistrict\\DocDistrict\\vendor\\laravel\\framework\\src\\Illuminate\\Database\\Connectors\\Connector.php(46): Illuminate\\Database\\Connectors\\Connector->createPdoConnection()
#2 C:\\xampp\\htdocs\\si4301_kelompok2_DocDistrict\\DocDistrict\\vendor\\laravel\\framework\\src\\Illuminate\\Database\\Connectors\\MySqlConnector.php(24): Illuminate\\Database\\Connectors\\Connector->createConnection()
#3 C:\\xampp\\htdocs\\si4301_kelompok2_DocDistrict\\DocDistrict\\vendor\\laravel\\framework\\src\\Illuminate\\Database\\Connectors\\ConnectionFactory.php(184): Illuminate\\Database\\Connectors\\MySqlConnector->connect()
#4 [internal function]: Illuminate\\Database\\Connectors\\ConnectionFactory->Illuminate\\Database\\Connectors\\{closure}()
#5 C:\\xampp\\htdocs\\si4301_kelompok2_DocDistrict\\DocDistrict\\vendor\\laravel\\framework\\src\\Illuminate\\Database\\Connection.php(1021): call_user_func()
#6 C:\\xampp\\htdocs\\si4301_kelompok2_DocDistrict\\DocDistrict\\vendor\\laravel\\framework\\src\\Illuminate\\Database\\Connection.php(486): Illuminate\\Database\\Connection->getPdo()
#7 C:\\xampp\\htdocs\\si4301_kelompok2_DocDistrict\\DocDistrict\\vendor\\laravel\\framework\\src\\Illuminate\\Database\\Connection.php(696): Illuminate\\Database\\Connection->Illuminate\\Database\\{closure}()
#8 C:\\xampp\\htdocs\\si4301_kelompok2_DocDistrict\\DocDistrict\\vendor\\laravel\\framework\\src\\Illuminate\\Database\\Connection.php(663): Illuminate\\Database\\Connection->runQueryCallback()
#9 C:\\xampp\\htdocs\\si4301_kelompok2_DocDistrict\\DocDistrict\\vendor\\laravel\\framework\\src\\Illuminate\\Database\\Connection.php(493): Illuminate\\Database\\Connection->run()
#10 C:\\xampp\\htdocs\\si4301_kelompok2_DocDistrict\\DocDistrict\\vendor\\laravel\\framework\\src\\Illuminate\\Database\\Connection.php(445): Illuminate\\Database\\Connection->statement()
#11 C:\\xampp\\htdocs\\si4301_kelompok2_DocDistrict\\DocDistrict\\vendor\\laravel\\framework\\src\\Illuminate\\Database\\Query\\Processors\\Processor.php(32): Illuminate\\Database\\Connection->insert()
#12 C:\\xampp\\htdocs\\si4301_kelompok2_DocDistrict\\DocDistrict\\vendor\\laravel\\framework\\src\\Illuminate\\Database\\Query\\Builder.php(2966): Illuminate\\Database\\Query\\Processors\\Processor->processInsertGetId()
#13 C:\\xampp\\htdocs\\si4301_kelompok2_DocDistrict\\DocDistrict\\vendor\\laravel\\framework\\src\\Illuminate\\Database\\Eloquent\\Builder.php(1655): Illuminate\\Database\\Query\\Builder->insertGetId()
#14 C:\\xampp\\htdocs\\si4301_kelompok2_DocDistrict\\DocDistrict\\vendor\\laravel\\framework\\src\\Illuminate\\Database\\Eloquent\\Model.php(1188): Illuminate\\Database\\Eloquent\\Builder->__call()
#15 C:\\xampp\\htdocs\\si4301_kelompok2_DocDistrict\\DocDistrict\\vendor\\laravel\\framework\\src\\Illuminate\\Database\\Eloquent\\Model.php(1153): Illuminate\\Database\\Eloquent\\Model->insertAndSetId()
#16 C:\\xampp\\htdocs\\si4301_kelompok2_DocDistrict\\DocDistrict\\vendor\\laravel\\framework\\src\\Illuminate\\Database\\Eloquent\\Model.php(994): Illuminate\\Database\\Eloquent\\Model->performInsert()
#17 C:\\xampp\\htdocs\\si4301_kelompok2_DocDistrict\\DocDistrict\\vendor\\laravel\\framework\\src\\Illuminate\\Database\\Eloquent\\Builder.php(894): Illuminate\\Database\\Eloquent\\Model->save()
#18 C:\\xampp\\htdocs\\si4301_kelompok2_DocDistrict\\DocDistrict\\vendor\\laravel\\framework\\src\\Illuminate\\Support\\helpers.php(263): Illuminate\\Database\\Eloquent\\Builder->Illuminate\\Database\\Eloquent\\{closure}()
#19 C:\\xampp\\htdocs\\si4301_kelompok2_DocDistrict\\DocDistrict\\vendor\\laravel\\framework\\src\\Illuminate\\Database\\Eloquent\\Builder.php(895): tap()
#20 C:\\xampp\\htdocs\\si4301_kelompok2_DocDistrict\\DocDistrict\\vendor\\laravel\\framework\\src\\Illuminate\\Support\\Traits\\ForwardsCalls.php(23): Illuminate\\Database\\Eloquent\\Builder->create()
#21 C:\\xampp\\htdocs\\si4301_kelompok2_DocDistrict\\DocDistrict\\vendor\\laravel\\framework\\src\\Illuminate\\Database\\Eloquent\\Model.php(2132): Illuminate\\Database\\Eloquent\\Model->forwardCallTo()
#22 C:\\xampp\\htdocs\\si4301_kelompok2_DocDistrict\\DocDistrict\\vendor\\laravel\\framework\\src\\Illuminate\\Database\\Eloquent\\Model.php(2144): Illuminate\\Database\\Eloquent\\Model->__call()
#23 C:\\xampp\\htdocs\\si4301_kelompok2_DocDistrict\\DocDistrict\\app\\Http\\Controllers\\user_controller.php(42): Illuminate\\Database\\Eloquent\\Model::__callStatic()
#24 C:\\xampp\\htdocs\\si4301_kelompok2_DocDistrict\\DocDistrict\\vendor\\laravel\\framework\\src\\Illuminate\\Routing\\Controller.php(54): App\\Http\\Controllers\\user_controller->store()
#25 C:\\xampp\\htdocs\\si4301_kelompok2_DocDistrict\\DocDistrict\\vendor\\laravel\\framework\\src\\Illuminate\\Routing\\ControllerDispatcher.php(45): Illuminate\\Routing\\Controller->callAction()
#26 C:\\xampp\\htdocs\\si4301_kelompok2_DocDistrict\\DocDistrict\\vendor\\laravel\\framework\\src\\Illuminate\\Routing\\Route.php(262): Illuminate\\Routing\\ControllerDispatcher->dispatch()
#27 C:\\xampp\\htdocs\\si4301_kelompok2_DocDistrict\\DocDistrict\\vendor\\laravel\\framework\\src\\Illuminate\\Routing\\Route.php(205): Illuminate\\Routing\\Route->runController()
#28 C:\\xampp\\htdocs\\si4301_kelompok2_DocDistrict\\DocDistrict\\vendor\\laravel\\framework\\src\\Illuminate\\Routing\\Router.php(695): Illuminate\\Routing\\Route->run()
#29 C:\\xampp\\htdocs\\si4301_kelompok2_DocDistrict\\DocDistrict\\vendor\\laravel\\framework\\src\\Illuminate\\Pipeline\\Pipeline.php(128): Illuminate\\Routing\\Router->Illuminate\\Routing\\{closure}()
#30 C:\\xampp\\htdocs\\si4301_kelompok2_DocDistrict\\DocDistrict\\vendor\\laravel\\framework\\src\\Illuminate\\Routing\\Middleware\\SubstituteBindings.php(50): Illuminate\\Pipeline\\Pipeline->Illuminate\\Pipeline\\{closure}()
#31 C:\\xampp\\htdocs\\si4301_kelompok2_DocDistrict\\DocDistrict\\vendor\\laravel\\framework\\src\\Illuminate\\Pipeline\\Pipeline.php(167): Illuminate\\Routing\\Middleware\\SubstituteBindings->handle()
#32 C:\\xampp\\htdocs\\si4301_kelompok2_DocDistrict\\DocDistrict\\vendor\\laravel\\framework\\src\\Illuminate\\Foundation\\Http\\Middleware\\VerifyCsrfToken.php(78): Illuminate\\Pipeline\\Pipeline->Illuminate\\Pipeline\\{closure}()
#33 C:\\xampp\\htdocs\\si4301_kelompok2_DocDistrict\\DocDistrict\\vendor\\laravel\\framework\\src\\Illuminate\\Pipeline\\Pipeline.php(167): Illuminate\\Foundation\\Http\\Middleware\\VerifyCsrfToken->handle()
#34 C:\\xampp\\htdocs\\si4301_kelompok2_DocDistrict\\DocDistrict\\vendor\\laravel\\framework\\src\\Illuminate\\View\\Middleware\\ShareErrorsFromSession.php(49): Illuminate\\Pipeline\\Pipeline->Illuminate\\Pipeline\\{closure}()
#35 C:\\xampp\\htdocs\\si4301_kelompok2_DocDistrict\\DocDistrict\\vendor\\laravel\\framework\\src\\Illuminate\\Pipeline\\Pipeline.php(167): Illuminate\\View\\Middleware\\ShareErrorsFromSession->handle()
#36 C:\\xampp\\htdocs\\si4301_kelompok2_DocDistrict\\DocDistrict\\vendor\\laravel\\framework\\src\\Illuminate\\Session\\Middleware\\StartSession.php(121): Illuminate\\Pipeline\\Pipeline->Illuminate\\Pipeline\\{closure}()
#37 C:\\xampp\\htdocs\\si4301_kelompok2_DocDistrict\\DocDistrict\\vendor\\laravel\\framework\\src\\Illuminate\\Session\\Middleware\\StartSession.php(64): Illuminate\\Session\\Middleware\\StartSession->handleStatefulRequest()
#38 C:\\xampp\\htdocs\\si4301_kelompok2_DocDistrict\\DocDistrict\\vendor\\laravel\\framework\\src\\Illuminate\\Pipeline\\Pipeline.php(167): Illuminate\\Session\\Middleware\\StartSession->handle()
#39 C:\\xampp\\htdocs\\si4301_kelompok2_DocDistrict\\DocDistrict\\vendor\\laravel\\framework\\src\\Illuminate\\Cookie\\Middleware\\AddQueuedCookiesToResponse.php(37): Illuminate\\Pipeline\\Pipeline->Illuminate\\Pipeline\\{closure}()
#40 C:\\xampp\\htdocs\\si4301_kelompok2_DocDistrict\\DocDistrict\\vendor\\laravel\\framework\\src\\Illuminate\\Pipeline\\Pipeline.php(167): Illuminate\\Cookie\\Middleware\\AddQueuedCookiesToResponse->handle()
#41 C:\\xampp\\htdocs\\si4301_kelompok2_DocDistrict\\DocDistrict\\vendor\\laravel\\framework\\src\\Illuminate\\Cookie\\Middleware\\EncryptCookies.php(67): Illuminate\\Pipeline\\Pipeline->Illuminate\\Pipeline\\{closure}()
#42 C:\\xampp\\htdocs\\si4301_kelompok2_DocDistrict\\DocDistrict\\vendor\\laravel\\framework\\src\\Illuminate\\Pipeline\\Pipeline.php(167): Illuminate\\Cookie\\Middleware\\EncryptCookies->handle()
#43 C:\\xampp\\htdocs\\si4301_kelompok2_DocDistrict\\DocDistrict\\vendor\\laravel\\framework\\src\\Illuminate\\Pipeline\\Pipeline.php(103): Illuminate\\Pipeline\\Pipeline->Illuminate\\Pipeline\\{closure}()
#44 C:\\xampp\\htdocs\\si4301_kelompok2_DocDistrict\\DocDistrict\\vendor\\laravel\\framework\\src\\Illuminate\\Routing\\Router.php(697): Illuminate\\Pipeline\\Pipeline->then()
#45 C:\\xampp\\htdocs\\si4301_kelompok2_DocDistrict\\DocDistrict\\vendor\\laravel\\framework\\src\\Illuminate\\Routing\\Router.php(672): Illuminate\\Routing\\Router->runRouteWithinStack()
#46 C:\\xampp\\htdocs\\si4301_kelompok2_DocDistrict\\DocDistrict\\vendor\\laravel\\framework\\src\\Illuminate\\Routing\\Router.php(636): Illuminate\\Routing\\Router->runRoute()
#47 C:\\xampp\\htdocs\\si4301_kelompok2_DocDistrict\\DocDistrict\\vendor\\laravel\\framework\\src\\Illuminate\\Routing\\Router.php(625): Illuminate\\Routing\\Router->dispatchToRoute()
#48 C:\\xampp\\htdocs\\si4301_kelompok2_DocDistrict\\DocDistrict\\vendor\\laravel\\framework\\src\\Illuminate\\Foundation\\Http\\Kernel.php(167): Illuminate\\Routing\\Router->dispatch()
#49 C:\\xampp\\htdocs\\si4301_kelompok2_DocDistrict\\DocDistrict\\vendor\\laravel\\framework\\src\\Illuminate\\Pipeline\\Pipeline.php(128): Illuminate\\Foundation\\Http\\Kernel->Illuminate\\Foundation\\Http\\{closure}()
#50 C:\\xampp\\htdocs\\si4301_kelompok2_DocDistrict\\DocDistrict\\vendor\\laravel\\framework\\src\\Illuminate\\Foundation\\Http\\Middleware\\TransformsRequest.php(21): Illuminate\\Pipeline\\Pipeline->Illuminate\\Pipeline\\{closure}()
#51 C:\\xampp\\htdocs\\si4301_kelompok2_DocDistrict\\DocDistrict\\vendor\\laravel\\framework\\src\\Illuminate\\Foundation\\Http\\Middleware\\ConvertEmptyStringsToNull.php(31): Illuminate\\Foundation\\Http\\Middleware\\TransformsRequest->handle()
#52 C:\\xampp\\htdocs\\si4301_kelompok2_DocDistrict\\DocDistrict\\vendor\\laravel\\framework\\src\\Illuminate\\Pipeline\\Pipeline.php(167): Illuminate\\Foundation\\Http\\Middleware\\ConvertEmptyStringsToNull->handle()
#53 C:\\xampp\\htdocs\\si4301_kelompok2_DocDistrict\\DocDistrict\\vendor\\laravel\\framework\\src\\Illuminate\\Foundation\\Http\\Middleware\\TransformsRequest.php(21): Illuminate\\Pipeline\\Pipeline->Illuminate\\Pipeline\\{closure}()
#54 C:\\xampp\\htdocs\\si4301_kelompok2_DocDistrict\\DocDistrict\\vendor\\laravel\\framework\\src\\Illuminate\\Foundation\\Http\\Middleware\\TrimStrings.php(40): Illuminate\\Foundation\\Http\\Middleware\\TransformsRequest->handle()
#55 C:\\xampp\\htdocs\\si4301_kelompok2_DocDistrict\\DocDistrict\\vendor\\laravel\\framework\\src\\Illuminate\\Pipeline\\Pipeline.php(167): Illuminate\\Foundation\\Http\\Middleware\\TrimStrings->handle()
#56 C:\\xampp\\htdocs\\si4301_kelompok2_DocDistrict\\DocDistrict\\vendor\\laravel\\framework\\src\\Illuminate\\Foundation\\Http\\Middleware\\ValidatePostSize.php(27): Illuminate\\Pipeline\\Pipeline->Illuminate\\Pipeline\\{closure}()
#57 C:\\xampp\\htdocs\\si4301_kelompok2_DocDistrict\\DocDistrict\\vendor\\laravel\\framework\\src\\Illuminate\\Pipeline\\Pipeline.php(167): Illuminate\\Foundation\\Http\\Middleware\\ValidatePostSize->handle()
#58 C:\\xampp\\htdocs\\si4301_kelompok2_DocDistrict\\DocDistrict\\vendor\\laravel\\framework\\src\\Illuminate\\Foundation\\Http\\Middleware\\PreventRequestsDuringMaintenance.php(86): Illuminate\\Pipeline\\Pipeline->Illuminate\\Pipeline\\{closure}()
#59 C:\\xampp\\htdocs\\si4301_kelompok2_DocDistrict\\DocDistrict\\vendor\\laravel\\framework\\src\\Illuminate\\Pipeline\\Pipeline.php(167): Illuminate\\Foundation\\Http\\Middleware\\PreventRequestsDuringMaintenance->handle()
#60 C:\\xampp\\htdocs\\si4301_kelompok2_DocDistrict\\DocDistrict\\vendor\\fruitcake\\laravel-cors\\src\\HandleCors.php(38): Illuminate\\Pipeline\\Pipeline->Illuminate\\Pipeline\\{closure}()
#61 C:\\xampp\\htdocs\\si4301_kelompok2_DocDistrict\\DocDistrict\\vendor\\laravel\\framework\\src\\Illuminate\\Pipeline\\Pipeline.php(167): Fruitcake\\Cors\\HandleCors->handle()
#62 C:\\xampp\\htdocs\\si4301_kelompok2_DocDistrict\\DocDistrict\\vendor\\laravel\\framework\\src\\Illuminate\\Http\\Middleware\\TrustProxies.php(39): Illuminate\\Pipeline\\Pipeline->Illuminate\\Pipeline\\{closure}()
#63 C:\\xampp\\htdocs\\si4301_kelompok2_DocDistrict\\DocDistrict\\vendor\\laravel\\framework\\src\\Illuminate\\Pipeline\\Pipeline.php(167): Illuminate\\Http\\Middleware\\TrustProxies->handle()
#64 C:\\xampp\\htdocs\\si4301_kelompok2_DocDistrict\\DocDistrict\\vendor\\laravel\\framework\\src\\Illuminate\\Pipeline\\Pipeline.php(103): Illuminate\\Pipeline\\Pipeline->Illuminate\\Pipeline\\{closure}()
#65 C:\\xampp\\htdocs\\si4301_kelompok2_DocDistrict\\DocDistrict\\vendor\\laravel\\framework\\src\\Illuminate\\Foundation\\Http\\Kernel.php(142): Illuminate\\Pipeline\\Pipeline->then()
#66 C:\\xampp\\htdocs\\si4301_kelompok2_DocDistrict\\DocDistrict\\vendor\\laravel\\framework\\src\\Illuminate\\Foundation\\Http\\Kernel.php(111): Illuminate\\Foundation\\Http\\Kernel->sendRequestThroughRouter()
#67 C:\\xampp\\htdocs\\si4301_kelompok2_DocDistrict\\DocDistrict\\public\\index.php(52): Illuminate\\Foundation\\Http\\Kernel->handle()
#68 C:\\xampp\\htdocs\\si4301_kelompok2_DocDistrict\\DocDistrict\\server.php(21): require_once('...')
#69 {main}
"} 
[2022-01-06 00:26:51] local.ERROR: Target class [App\Http\Controllers\Rayhan_PatientsController] does not exist. {"exception":"[object] (Illuminate\\Contracts\\Container\\BindingResolutionException(code: 0): Target class [App\\Http\\Controllers\\Rayhan_PatientsController] does not exist. at C:\\xampp\\htdocs\\si4301_kelompok2_DocDistrict\\DocDistrict\\vendor\\laravel\\framework\\src\\Illuminate\\Container\\Container.php:879)
[stacktrace]
#0 C:\\xampp\\htdocs\\si4301_kelompok2_DocDistrict\\DocDistrict\\vendor\\laravel\\framework\\src\\Illuminate\\Container\\Container.php(758): Illuminate\\Container\\Container->build()
#1 C:\\xampp\\htdocs\\si4301_kelompok2_DocDistrict\\DocDistrict\\vendor\\laravel\\framework\\src\\Illuminate\\Foundation\\Application.php(851): Illuminate\\Container\\Container->resolve()
#2 C:\\xampp\\htdocs\\si4301_kelompok2_DocDistrict\\DocDistrict\\vendor\\laravel\\framework\\src\\Illuminate\\Container\\Container.php(694): Illuminate\\Foundation\\Application->resolve()
#3 C:\\xampp\\htdocs\\si4301_kelompok2_DocDistrict\\DocDistrict\\vendor\\laravel\\framework\\src\\Illuminate\\Foundation\\Application.php(836): Illuminate\\Container\\Container->make()
#4 C:\\xampp\\htdocs\\si4301_kelompok2_DocDistrict\\DocDistrict\\vendor\\laravel\\framework\\src\\Illuminate\\Routing\\Route.php(276): Illuminate\\Foundation\\Application->make()
#5 C:\\xampp\\htdocs\\si4301_kelompok2_DocDistrict\\DocDistrict\\vendor\\laravel\\framework\\src\\Illuminate\\Routing\\Route.php(1069): Illuminate\\Routing\\Route->getController()
#6 C:\\xampp\\htdocs\\si4301_kelompok2_DocDistrict\\DocDistrict\\vendor\\laravel\\framework\\src\\Illuminate\\Routing\\Route.php(1012): Illuminate\\Routing\\Route->controllerMiddleware()
#7 C:\\xampp\\htdocs\\si4301_kelompok2_DocDistrict\\DocDistrict\\vendor\\laravel\\framework\\src\\Illuminate\\Routing\\Router.php(708): Illuminate\\Routing\\Route->gatherMiddleware()
#8 C:\\xampp\\htdocs\\si4301_kelompok2_DocDistrict\\DocDistrict\\vendor\\laravel\\framework\\src\\Illuminate\\Foundation\\Console\\RouteListCommand.php(175): Illuminate\\Routing\\Router->gatherRouteMiddleware()
#9 C:\\xampp\\htdocs\\si4301_kelompok2_DocDistrict\\DocDistrict\\vendor\\laravel\\framework\\src\\Illuminate\\Foundation\\Console\\RouteListCommand.php(119): Illuminate\\Foundation\\Console\\RouteListCommand->getMiddleware()
#10 C:\\xampp\\htdocs\\si4301_kelompok2_DocDistrict\\DocDistrict\\vendor\\laravel\\framework\\src\\Illuminate\\Foundation\\Console\\RouteListCommand.php(91): Illuminate\\Foundation\\Console\\RouteListCommand->getRouteInformation()
#11 [internal function]: Illuminate\\Foundation\\Console\\RouteListCommand->Illuminate\\Foundation\\Console\\{closure}()
#12 C:\\xampp\\htdocs\\si4301_kelompok2_DocDistrict\\DocDistrict\\vendor\\laravel\\framework\\src\\Illuminate\\Collections\\Collection.php(677): array_map()
#13 C:\\xampp\\htdocs\\si4301_kelompok2_DocDistrict\\DocDistrict\\vendor\\laravel\\framework\\src\\Illuminate\\Foundation\\Console\\RouteListCommand.php(92): Illuminate\\Support\\Collection->map()
#14 C:\\xampp\\htdocs\\si4301_kelompok2_DocDistrict\\DocDistrict\\vendor\\laravel\\framework\\src\\Illuminate\\Foundation\\Console\\RouteListCommand.php(76): Illuminate\\Foundation\\Console\\RouteListCommand->getRoutes()
#15 C:\\xampp\\htdocs\\si4301_kelompok2_DocDistrict\\DocDistrict\\vendor\\laravel\\framework\\src\\Illuminate\\Container\\BoundMethod.php(36): Illuminate\\Foundation\\Console\\RouteListCommand->handle()
#16 C:\\xampp\\htdocs\\si4301_kelompok2_DocDistrict\\DocDistrict\\vendor\\laravel\\framework\\src\\Illuminate\\Container\\Util.php(40): Illuminate\\Container\\BoundMethod::Illuminate\\Container\\{closure}()
#17 C:\\xampp\\htdocs\\si4301_kelompok2_DocDistrict\\DocDistrict\\vendor\\laravel\\framework\\src\\Illuminate\\Container\\BoundMethod.php(93): Illuminate\\Container\\Util::unwrapIfClosure()
#18 C:\\xampp\\htdocs\\si4301_kelompok2_DocDistrict\\DocDistrict\\vendor\\laravel\\framework\\src\\Illuminate\\Container\\BoundMethod.php(37): Illuminate\\Container\\BoundMethod::callBoundMethod()
#19 C:\\xampp\\htdocs\\si4301_kelompok2_DocDistrict\\DocDistrict\\vendor\\laravel\\framework\\src\\Illuminate\\Container\\Container.php(653): Illuminate\\Container\\BoundMethod::call()
#20 C:\\xampp\\htdocs\\si4301_kelompok2_DocDistrict\\DocDistrict\\vendor\\laravel\\framework\\src\\Illuminate\\Console\\Command.php(136): Illuminate\\Container\\Container->call()
#21 C:\\xampp\\htdocs\\si4301_kelompok2_DocDistrict\\DocDistrict\\vendor\\symfony\\console\\Command\\Command.php(298): Illuminate\\Console\\Command->execute()
#22 C:\\xampp\\htdocs\\si4301_kelompok2_DocDistrict\\DocDistrict\\vendor\\laravel\\framework\\src\\Illuminate\\Console\\Command.php(121): Symfony\\Component\\Console\\Command\\Command->run()
#23 C:\\xampp\\htdocs\\si4301_kelompok2_DocDistrict\\DocDistrict\\vendor\\symfony\\console\\Application.php(1005): Illuminate\\Console\\Command->run()
#24 C:\\xampp\\htdocs\\si4301_kelompok2_DocDistrict\\DocDistrict\\vendor\\symfony\\console\\Application.php(299): Symfony\\Component\\Console\\Application->doRunCommand()
#25 C:\\xampp\\htdocs\\si4301_kelompok2_DocDistrict\\DocDistrict\\vendor\\symfony\\console\\Application.php(171): Symfony\\Component\\Console\\Application->doRun()
#26 C:\\xampp\\htdocs\\si4301_kelompok2_DocDistrict\\DocDistrict\\vendor\\laravel\\framework\\src\\Illuminate\\Console\\Application.php(94): Symfony\\Component\\Console\\Application->run()
#27 C:\\xampp\\htdocs\\si4301_kelompok2_DocDistrict\\DocDistrict\\vendor\\laravel\\framework\\src\\Illuminate\\Foundation\\Console\\Kernel.php(129): Illuminate\\Console\\Application->run()
#28 C:\\xampp\\htdocs\\si4301_kelompok2_DocDistrict\\DocDistrict\\artisan(37): Illuminate\\Foundation\\Console\\Kernel->handle()
#29 {main}

[previous exception] [object] (ReflectionException(code: -1): Class \"App\\Http\\Controllers\\Rayhan_PatientsController\" does not exist at C:\\xampp\\htdocs\\si4301_kelompok2_DocDistrict\\DocDistrict\\vendor\\laravel\\framework\\src\\Illuminate\\Container\\Container.php:877)
[stacktrace]
#0 C:\\xampp\\htdocs\\si4301_kelompok2_DocDistrict\\DocDistrict\\vendor\\laravel\\framework\\src\\Illuminate\\Container\\Container.php(877): ReflectionClass->__construct()
#1 C:\\xampp\\htdocs\\si4301_kelompok2_DocDistrict\\DocDistrict\\vendor\\laravel\\framework\\src\\Illuminate\\Container\\Container.php(758): Illuminate\\Container\\Container->build()
#2 C:\\xampp\\htdocs\\si4301_kelompok2_DocDistrict\\DocDistrict\\vendor\\laravel\\framework\\src\\Illuminate\\Foundation\\Application.php(851): Illuminate\\Container\\Container->resolve()
#3 C:\\xampp\\htdocs\\si4301_kelompok2_DocDistrict\\DocDistrict\\vendor\\laravel\\framework\\src\\Illuminate\\Container\\Container.php(694): Illuminate\\Foundation\\Application->resolve()
#4 C:\\xampp\\htdocs\\si4301_kelompok2_DocDistrict\\DocDistrict\\vendor\\laravel\\framework\\src\\Illuminate\\Foundation\\Application.php(836): Illuminate\\Container\\Container->make()
#5 C:\\xampp\\htdocs\\si4301_kelompok2_DocDistrict\\DocDistrict\\vendor\\laravel\\framework\\src\\Illuminate\\Routing\\Route.php(276): Illuminate\\Foundation\\Application->make()
#6 C:\\xampp\\htdocs\\si4301_kelompok2_DocDistrict\\DocDistrict\\vendor\\laravel\\framework\\src\\Illuminate\\Routing\\Route.php(1069): Illuminate\\Routing\\Route->getController()
#7 C:\\xampp\\htdocs\\si4301_kelompok2_DocDistrict\\DocDistrict\\vendor\\laravel\\framework\\src\\Illuminate\\Routing\\Route.php(1012): Illuminate\\Routing\\Route->controllerMiddleware()
#8 C:\\xampp\\htdocs\\si4301_kelompok2_DocDistrict\\DocDistrict\\vendor\\laravel\\framework\\src\\Illuminate\\Routing\\Router.php(708): Illuminate\\Routing\\Route->gatherMiddleware()
#9 C:\\xampp\\htdocs\\si4301_kelompok2_DocDistrict\\DocDistrict\\vendor\\laravel\\framework\\src\\Illuminate\\Foundation\\Console\\RouteListCommand.php(175): Illuminate\\Routing\\Router->gatherRouteMiddleware()
#10 C:\\xampp\\htdocs\\si4301_kelompok2_DocDistrict\\DocDistrict\\vendor\\laravel\\framework\\src\\Illuminate\\Foundation\\Console\\RouteListCommand.php(119): Illuminate\\Foundation\\Console\\RouteListCommand->getMiddleware()
#11 C:\\xampp\\htdocs\\si4301_kelompok2_DocDistrict\\DocDistrict\\vendor\\laravel\\framework\\src\\Illuminate\\Foundation\\Console\\RouteListCommand.php(91): Illuminate\\Foundation\\Console\\RouteListCommand->getRouteInformation()
#12 [internal function]: Illuminate\\Foundation\\Console\\RouteListCommand->Illuminate\\Foundation\\Console\\{closure}()
#13 C:\\xampp\\htdocs\\si4301_kelompok2_DocDistrict\\DocDistrict\\vendor\\laravel\\framework\\src\\Illuminate\\Collections\\Collection.php(677): array_map()
#14 C:\\xampp\\htdocs\\si4301_kelompok2_DocDistrict\\DocDistrict\\vendor\\laravel\\framework\\src\\Illuminate\\Foundation\\Console\\RouteListCommand.php(92): Illuminate\\Support\\Collection->map()
#15 C:\\xampp\\htdocs\\si4301_kelompok2_DocDistrict\\DocDistrict\\vendor\\laravel\\framework\\src\\Illuminate\\Foundation\\Console\\RouteListCommand.php(76): Illuminate\\Foundation\\Console\\RouteListCommand->getRoutes()
#16 C:\\xampp\\htdocs\\si4301_kelompok2_DocDistrict\\DocDistrict\\vendor\\laravel\\framework\\src\\Illuminate\\Container\\BoundMethod.php(36): Illuminate\\Foundation\\Console\\RouteListCommand->handle()
#17 C:\\xampp\\htdocs\\si4301_kelompok2_DocDistrict\\DocDistrict\\vendor\\laravel\\framework\\src\\Illuminate\\Container\\Util.php(40): Illuminate\\Container\\BoundMethod::Illuminate\\Container\\{closure}()
#18 C:\\xampp\\htdocs\\si4301_kelompok2_DocDistrict\\DocDistrict\\vendor\\laravel\\framework\\src\\Illuminate\\Container\\BoundMethod.php(93): Illuminate\\Container\\Util::unwrapIfClosure()
#19 C:\\xampp\\htdocs\\si4301_kelompok2_DocDistrict\\DocDistrict\\vendor\\laravel\\framework\\src\\Illuminate\\Container\\BoundMethod.php(37): Illuminate\\Container\\BoundMethod::callBoundMethod()
#20 C:\\xampp\\htdocs\\si4301_kelompok2_DocDistrict\\DocDistrict\\vendor\\laravel\\framework\\src\\Illuminate\\Container\\Container.php(653): Illuminate\\Container\\BoundMethod::call()
#21 C:\\xampp\\htdocs\\si4301_kelompok2_DocDistrict\\DocDistrict\\vendor\\laravel\\framework\\src\\Illuminate\\Console\\Command.php(136): Illuminate\\Container\\Container->call()
#22 C:\\xampp\\htdocs\\si4301_kelompok2_DocDistrict\\DocDistrict\\vendor\\symfony\\console\\Command\\Command.php(298): Illuminate\\Console\\Command->execute()
#23 C:\\xampp\\htdocs\\si4301_kelompok2_DocDistrict\\DocDistrict\\vendor\\laravel\\framework\\src\\Illuminate\\Console\\Command.php(121): Symfony\\Component\\Console\\Command\\Command->run()
#24 C:\\xampp\\htdocs\\si4301_kelompok2_DocDistrict\\DocDistrict\\vendor\\symfony\\console\\Application.php(1005): Illuminate\\Console\\Command->run()
#25 C:\\xampp\\htdocs\\si4301_kelompok2_DocDistrict\\DocDistrict\\vendor\\symfony\\console\\Application.php(299): Symfony\\Component\\Console\\Application->doRunCommand()
#26 C:\\xampp\\htdocs\\si4301_kelompok2_DocDistrict\\DocDistrict\\vendor\\symfony\\console\\Application.php(171): Symfony\\Component\\Console\\Application->doRun()
#27 C:\\xampp\\htdocs\\si4301_kelompok2_DocDistrict\\DocDistrict\\vendor\\laravel\\framework\\src\\Illuminate\\Console\\Application.php(94): Symfony\\Component\\Console\\Application->run()
#28 C:\\xampp\\htdocs\\si4301_kelompok2_DocDistrict\\DocDistrict\\vendor\\laravel\\framework\\src\\Illuminate\\Foundation\\Console\\Kernel.php(129): Illuminate\\Console\\Application->run()
#29 C:\\xampp\\htdocs\\si4301_kelompok2_DocDistrict\\DocDistrict\\artisan(37): Illuminate\\Foundation\\Console\\Kernel->handle()
#30 {main}
"} 
[2022-01-06 01:06:48] local.ERROR: Property [password] does not exist on the Eloquent builder instance. {"exception":"[object] (Exception(code: 0): Property [password] does not exist on the Eloquent builder instance. at C:\\xampp\\htdocs\\si4301_kelompok2_DocDistrict\\DocDistrict\\vendor\\laravel\\framework\\src\\Illuminate\\Database\\Eloquent\\Builder.php:1616)
[stacktrace]
#0 C:\\xampp\\htdocs\\si4301_kelompok2_DocDistrict\\DocDistrict\\app\\Http\\Controllers\\user_controller.php(26): Illuminate\\Database\\Eloquent\\Builder->__get()
#1 C:\\xampp\\htdocs\\si4301_kelompok2_DocDistrict\\DocDistrict\\vendor\\laravel\\framework\\src\\Illuminate\\Routing\\Controller.php(54): App\\Http\\Controllers\\user_controller->login()
#2 C:\\xampp\\htdocs\\si4301_kelompok2_DocDistrict\\DocDistrict\\vendor\\laravel\\framework\\src\\Illuminate\\Routing\\ControllerDispatcher.php(45): Illuminate\\Routing\\Controller->callAction()
#3 C:\\xampp\\htdocs\\si4301_kelompok2_DocDistrict\\DocDistrict\\vendor\\laravel\\framework\\src\\Illuminate\\Routing\\Route.php(262): Illuminate\\Routing\\ControllerDispatcher->dispatch()
#4 C:\\xampp\\htdocs\\si4301_kelompok2_DocDistrict\\DocDistrict\\vendor\\laravel\\framework\\src\\Illuminate\\Routing\\Route.php(205): Illuminate\\Routing\\Route->runController()
#5 C:\\xampp\\htdocs\\si4301_kelompok2_DocDistrict\\DocDistrict\\vendor\\laravel\\framework\\src\\Illuminate\\Routing\\Router.php(695): Illuminate\\Routing\\Route->run()
#6 C:\\xampp\\htdocs\\si4301_kelompok2_DocDistrict\\DocDistrict\\vendor\\laravel\\framework\\src\\Illuminate\\Pipeline\\Pipeline.php(128): Illuminate\\Routing\\Router->Illuminate\\Routing\\{closure}()
#7 C:\\xampp\\htdocs\\si4301_kelompok2_DocDistrict\\DocDistrict\\vendor\\laravel\\framework\\src\\Illuminate\\Routing\\Middleware\\SubstituteBindings.php(50): Illuminate\\Pipeline\\Pipeline->Illuminate\\Pipeline\\{closure}()
#8 C:\\xampp\\htdocs\\si4301_kelompok2_DocDistrict\\DocDistrict\\vendor\\laravel\\framework\\src\\Illuminate\\Pipeline\\Pipeline.php(167): Illuminate\\Routing\\Middleware\\SubstituteBindings->handle()
#9 C:\\xampp\\htdocs\\si4301_kelompok2_DocDistrict\\DocDistrict\\vendor\\laravel\\framework\\src\\Illuminate\\Foundation\\Http\\Middleware\\VerifyCsrfToken.php(78): Illuminate\\Pipeline\\Pipeline->Illuminate\\Pipeline\\{closure}()
#10 C:\\xampp\\htdocs\\si4301_kelompok2_DocDistrict\\DocDistrict\\vendor\\laravel\\framework\\src\\Illuminate\\Pipeline\\Pipeline.php(167): Illuminate\\Foundation\\Http\\Middleware\\VerifyCsrfToken->handle()
#11 C:\\xampp\\htdocs\\si4301_kelompok2_DocDistrict\\DocDistrict\\vendor\\laravel\\framework\\src\\Illuminate\\View\\Middleware\\ShareErrorsFromSession.php(49): Illuminate\\Pipeline\\Pipeline->Illuminate\\Pipeline\\{closure}()
#12 C:\\xampp\\htdocs\\si4301_kelompok2_DocDistrict\\DocDistrict\\vendor\\laravel\\framework\\src\\Illuminate\\Pipeline\\Pipeline.php(167): Illuminate\\View\\Middleware\\ShareErrorsFromSession->handle()
#13 C:\\xampp\\htdocs\\si4301_kelompok2_DocDistrict\\DocDistrict\\vendor\\laravel\\framework\\src\\Illuminate\\Session\\Middleware\\StartSession.php(121): Illuminate\\Pipeline\\Pipeline->Illuminate\\Pipeline\\{closure}()
#14 C:\\xampp\\htdocs\\si4301_kelompok2_DocDistrict\\DocDistrict\\vendor\\laravel\\framework\\src\\Illuminate\\Session\\Middleware\\StartSession.php(64): Illuminate\\Session\\Middleware\\StartSession->handleStatefulRequest()
#15 C:\\xampp\\htdocs\\si4301_kelompok2_DocDistrict\\DocDistrict\\vendor\\laravel\\framework\\src\\Illuminate\\Pipeline\\Pipeline.php(167): Illuminate\\Session\\Middleware\\StartSession->handle()
#16 C:\\xampp\\htdocs\\si4301_kelompok2_DocDistrict\\DocDistrict\\vendor\\laravel\\framework\\src\\Illuminate\\Cookie\\Middleware\\AddQueuedCookiesToResponse.php(37): Illuminate\\Pipeline\\Pipeline->Illuminate\\Pipeline\\{closure}()
#17 C:\\xampp\\htdocs\\si4301_kelompok2_DocDistrict\\DocDistrict\\vendor\\laravel\\framework\\src\\Illuminate\\Pipeline\\Pipeline.php(167): Illuminate\\Cookie\\Middleware\\AddQueuedCookiesToResponse->handle()
#18 C:\\xampp\\htdocs\\si4301_kelompok2_DocDistrict\\DocDistrict\\vendor\\laravel\\framework\\src\\Illuminate\\Cookie\\Middleware\\EncryptCookies.php(67): Illuminate\\Pipeline\\Pipeline->Illuminate\\Pipeline\\{closure}()
#19 C:\\xampp\\htdocs\\si4301_kelompok2_DocDistrict\\DocDistrict\\vendor\\laravel\\framework\\src\\Illuminate\\Pipeline\\Pipeline.php(167): Illuminate\\Cookie\\Middleware\\EncryptCookies->handle()
#20 C:\\xampp\\htdocs\\si4301_kelompok2_DocDistrict\\DocDistrict\\vendor\\laravel\\framework\\src\\Illuminate\\Pipeline\\Pipeline.php(103): Illuminate\\Pipeline\\Pipeline->Illuminate\\Pipeline\\{closure}()
#21 C:\\xampp\\htdocs\\si4301_kelompok2_DocDistrict\\DocDistrict\\vendor\\laravel\\framework\\src\\Illuminate\\Routing\\Router.php(697): Illuminate\\Pipeline\\Pipeline->then()
#22 C:\\xampp\\htdocs\\si4301_kelompok2_DocDistrict\\DocDistrict\\vendor\\laravel\\framework\\src\\Illuminate\\Routing\\Router.php(672): Illuminate\\Routing\\Router->runRouteWithinStack()
#23 C:\\xampp\\htdocs\\si4301_kelompok2_DocDistrict\\DocDistrict\\vendor\\laravel\\framework\\src\\Illuminate\\Routing\\Router.php(636): Illuminate\\Routing\\Router->runRoute()
#24 C:\\xampp\\htdocs\\si4301_kelompok2_DocDistrict\\DocDistrict\\vendor\\laravel\\framework\\src\\Illuminate\\Routing\\Router.php(625): Illuminate\\Routing\\Router->dispatchToRoute()
#25 C:\\xampp\\htdocs\\si4301_kelompok2_DocDistrict\\DocDistrict\\vendor\\laravel\\framework\\src\\Illuminate\\Foundation\\Http\\Kernel.php(167): Illuminate\\Routing\\Router->dispatch()
#26 C:\\xampp\\htdocs\\si4301_kelompok2_DocDistrict\\DocDistrict\\vendor\\laravel\\framework\\src\\Illuminate\\Pipeline\\Pipeline.php(128): Illuminate\\Foundation\\Http\\Kernel->Illuminate\\Foundation\\Http\\{closure}()
#27 C:\\xampp\\htdocs\\si4301_kelompok2_DocDistrict\\DocDistrict\\vendor\\laravel\\framework\\src\\Illuminate\\Foundation\\Http\\Middleware\\TransformsRequest.php(21): Illuminate\\Pipeline\\Pipeline->Illuminate\\Pipeline\\{closure}()
#28 C:\\xampp\\htdocs\\si4301_kelompok2_DocDistrict\\DocDistrict\\vendor\\laravel\\framework\\src\\Illuminate\\Foundation\\Http\\Middleware\\ConvertEmptyStringsToNull.php(31): Illuminate\\Foundation\\Http\\Middleware\\TransformsRequest->handle()
#29 C:\\xampp\\htdocs\\si4301_kelompok2_DocDistrict\\DocDistrict\\vendor\\laravel\\framework\\src\\Illuminate\\Pipeline\\Pipeline.php(167): Illuminate\\Foundation\\Http\\Middleware\\ConvertEmptyStringsToNull->handle()
#30 C:\\xampp\\htdocs\\si4301_kelompok2_DocDistrict\\DocDistrict\\vendor\\laravel\\framework\\src\\Illuminate\\Foundation\\Http\\Middleware\\TransformsRequest.php(21): Illuminate\\Pipeline\\Pipeline->Illuminate\\Pipeline\\{closure}()
#31 C:\\xampp\\htdocs\\si4301_kelompok2_DocDistrict\\DocDistrict\\vendor\\laravel\\framework\\src\\Illuminate\\Foundation\\Http\\Middleware\\TrimStrings.php(40): Illuminate\\Foundation\\Http\\Middleware\\TransformsRequest->handle()
#32 C:\\xampp\\htdocs\\si4301_kelompok2_DocDistrict\\DocDistrict\\vendor\\laravel\\framework\\src\\Illuminate\\Pipeline\\Pipeline.php(167): Illuminate\\Foundation\\Http\\Middleware\\TrimStrings->handle()
#33 C:\\xampp\\htdocs\\si4301_kelompok2_DocDistrict\\DocDistrict\\vendor\\laravel\\framework\\src\\Illuminate\\Foundation\\Http\\Middleware\\ValidatePostSize.php(27): Illuminate\\Pipeline\\Pipeline->Illuminate\\Pipeline\\{closure}()
#34 C:\\xampp\\htdocs\\si4301_kelompok2_DocDistrict\\DocDistrict\\vendor\\laravel\\framework\\src\\Illuminate\\Pipeline\\Pipeline.php(167): Illuminate\\Foundation\\Http\\Middleware\\ValidatePostSize->handle()
#35 C:\\xampp\\htdocs\\si4301_kelompok2_DocDistrict\\DocDistrict\\vendor\\laravel\\framework\\src\\Illuminate\\Foundation\\Http\\Middleware\\PreventRequestsDuringMaintenance.php(86): Illuminate\\Pipeline\\Pipeline->Illuminate\\Pipeline\\{closure}()
#36 C:\\xampp\\htdocs\\si4301_kelompok2_DocDistrict\\DocDistrict\\vendor\\laravel\\framework\\src\\Illuminate\\Pipeline\\Pipeline.php(167): Illuminate\\Foundation\\Http\\Middleware\\PreventRequestsDuringMaintenance->handle()
#37 C:\\xampp\\htdocs\\si4301_kelompok2_DocDistrict\\DocDistrict\\vendor\\fruitcake\\laravel-cors\\src\\HandleCors.php(38): Illuminate\\Pipeline\\Pipeline->Illuminate\\Pipeline\\{closure}()
#38 C:\\xampp\\htdocs\\si4301_kelompok2_DocDistrict\\DocDistrict\\vendor\\laravel\\framework\\src\\Illuminate\\Pipeline\\Pipeline.php(167): Fruitcake\\Cors\\HandleCors->handle()
#39 C:\\xampp\\htdocs\\si4301_kelompok2_DocDistrict\\DocDistrict\\vendor\\laravel\\framework\\src\\Illuminate\\Http\\Middleware\\TrustProxies.php(39): Illuminate\\Pipeline\\Pipeline->Illuminate\\Pipeline\\{closure}()
#40 C:\\xampp\\htdocs\\si4301_kelompok2_DocDistrict\\DocDistrict\\vendor\\laravel\\framework\\src\\Illuminate\\Pipeline\\Pipeline.php(167): Illuminate\\Http\\Middleware\\TrustProxies->handle()
#41 C:\\xampp\\htdocs\\si4301_kelompok2_DocDistrict\\DocDistrict\\vendor\\laravel\\framework\\src\\Illuminate\\Pipeline\\Pipeline.php(103): Illuminate\\Pipeline\\Pipeline->Illuminate\\Pipeline\\{closure}()
#42 C:\\xampp\\htdocs\\si4301_kelompok2_DocDistrict\\DocDistrict\\vendor\\laravel\\framework\\src\\Illuminate\\Foundation\\Http\\Kernel.php(142): Illuminate\\Pipeline\\Pipeline->then()
#43 C:\\xampp\\htdocs\\si4301_kelompok2_DocDistrict\\DocDistrict\\vendor\\laravel\\framework\\src\\Illuminate\\Foundation\\Http\\Kernel.php(111): Illuminate\\Foundation\\Http\\Kernel->sendRequestThroughRouter()
#44 C:\\xampp\\htdocs\\si4301_kelompok2_DocDistrict\\DocDistrict\\public\\index.php(52): Illuminate\\Foundation\\Http\\Kernel->handle()
#45 C:\\xampp\\htdocs\\si4301_kelompok2_DocDistrict\\DocDistrict\\server.php(21): require_once('...')
#46 {main}
"} 
[2022-01-06 01:19:50] local.ERROR: Class "App\Http\Controllers\user_model" not found {"exception":"[object] (Error(code: 0): Class \"App\\Http\\Controllers\\user_model\" not found at C:\\xampp\\htdocs\\si4301_kelompok2_DocDistrict\\DocDistrict\\app\\Http\\Controllers\\user_controller.php:22)
[stacktrace]
#0 C:\\xampp\\htdocs\\si4301_kelompok2_DocDistrict\\DocDistrict\\vendor\\laravel\\framework\\src\\Illuminate\\Routing\\Controller.php(54): App\\Http\\Controllers\\user_controller->login()
#1 C:\\xampp\\htdocs\\si4301_kelompok2_DocDistrict\\DocDistrict\\vendor\\laravel\\framework\\src\\Illuminate\\Routing\\ControllerDispatcher.php(45): Illuminate\\Routing\\Controller->callAction()
#2 C:\\xampp\\htdocs\\si4301_kelompok2_DocDistrict\\DocDistrict\\vendor\\laravel\\framework\\src\\Illuminate\\Routing\\Route.php(262): Illuminate\\Routing\\ControllerDispatcher->dispatch()
#3 C:\\xampp\\htdocs\\si4301_kelompok2_DocDistrict\\DocDistrict\\vendor\\laravel\\framework\\src\\Illuminate\\Routing\\Route.php(205): Illuminate\\Routing\\Route->runController()
#4 C:\\xampp\\htdocs\\si4301_kelompok2_DocDistrict\\DocDistrict\\vendor\\laravel\\framework\\src\\Illuminate\\Routing\\Router.php(695): Illuminate\\Routing\\Route->run()
#5 C:\\xampp\\htdocs\\si4301_kelompok2_DocDistrict\\DocDistrict\\vendor\\laravel\\framework\\src\\Illuminate\\Pipeline\\Pipeline.php(128): Illuminate\\Routing\\Router->Illuminate\\Routing\\{closure}()
#6 C:\\xampp\\htdocs\\si4301_kelompok2_DocDistrict\\DocDistrict\\vendor\\laravel\\framework\\src\\Illuminate\\Routing\\Middleware\\SubstituteBindings.php(50): Illuminate\\Pipeline\\Pipeline->Illuminate\\Pipeline\\{closure}()
#7 C:\\xampp\\htdocs\\si4301_kelompok2_DocDistrict\\DocDistrict\\vendor\\laravel\\framework\\src\\Illuminate\\Pipeline\\Pipeline.php(167): Illuminate\\Routing\\Middleware\\SubstituteBindings->handle()
#8 C:\\xampp\\htdocs\\si4301_kelompok2_DocDistrict\\DocDistrict\\vendor\\laravel\\framework\\src\\Illuminate\\Foundation\\Http\\Middleware\\VerifyCsrfToken.php(78): Illuminate\\Pipeline\\Pipeline->Illuminate\\Pipeline\\{closure}()
#9 C:\\xampp\\htdocs\\si4301_kelompok2_DocDistrict\\DocDistrict\\vendor\\laravel\\framework\\src\\Illuminate\\Pipeline\\Pipeline.php(167): Illuminate\\Foundation\\Http\\Middleware\\VerifyCsrfToken->handle()
#10 C:\\xampp\\htdocs\\si4301_kelompok2_DocDistrict\\DocDistrict\\vendor\\laravel\\framework\\src\\Illuminate\\View\\Middleware\\ShareErrorsFromSession.php(49): Illuminate\\Pipeline\\Pipeline->Illuminate\\Pipeline\\{closure}()
#11 C:\\xampp\\htdocs\\si4301_kelompok2_DocDistrict\\DocDistrict\\vendor\\laravel\\framework\\src\\Illuminate\\Pipeline\\Pipeline.php(167): Illuminate\\View\\Middleware\\ShareErrorsFromSession->handle()
#12 C:\\xampp\\htdocs\\si4301_kelompok2_DocDistrict\\DocDistrict\\vendor\\laravel\\framework\\src\\Illuminate\\Session\\Middleware\\StartSession.php(121): Illuminate\\Pipeline\\Pipeline->Illuminate\\Pipeline\\{closure}()
#13 C:\\xampp\\htdocs\\si4301_kelompok2_DocDistrict\\DocDistrict\\vendor\\laravel\\framework\\src\\Illuminate\\Session\\Middleware\\StartSession.php(64): Illuminate\\Session\\Middleware\\StartSession->handleStatefulRequest()
#14 C:\\xampp\\htdocs\\si4301_kelompok2_DocDistrict\\DocDistrict\\vendor\\laravel\\framework\\src\\Illuminate\\Pipeline\\Pipeline.php(167): Illuminate\\Session\\Middleware\\StartSession->handle()
#15 C:\\xampp\\htdocs\\si4301_kelompok2_DocDistrict\\DocDistrict\\vendor\\laravel\\framework\\src\\Illuminate\\Cookie\\Middleware\\AddQueuedCookiesToResponse.php(37): Illuminate\\Pipeline\\Pipeline->Illuminate\\Pipeline\\{closure}()
#16 C:\\xampp\\htdocs\\si4301_kelompok2_DocDistrict\\DocDistrict\\vendor\\laravel\\framework\\src\\Illuminate\\Pipeline\\Pipeline.php(167): Illuminate\\Cookie\\Middleware\\AddQueuedCookiesToResponse->handle()
#17 C:\\xampp\\htdocs\\si4301_kelompok2_DocDistrict\\DocDistrict\\vendor\\laravel\\framework\\src\\Illuminate\\Cookie\\Middleware\\EncryptCookies.php(67): Illuminate\\Pipeline\\Pipeline->Illuminate\\Pipeline\\{closure}()
#18 C:\\xampp\\htdocs\\si4301_kelompok2_DocDistrict\\DocDistrict\\vendor\\laravel\\framework\\src\\Illuminate\\Pipeline\\Pipeline.php(167): Illuminate\\Cookie\\Middleware\\EncryptCookies->handle()
#19 C:\\xampp\\htdocs\\si4301_kelompok2_DocDistrict\\DocDistrict\\vendor\\laravel\\framework\\src\\Illuminate\\Pipeline\\Pipeline.php(103): Illuminate\\Pipeline\\Pipeline->Illuminate\\Pipeline\\{closure}()
#20 C:\\xampp\\htdocs\\si4301_kelompok2_DocDistrict\\DocDistrict\\vendor\\laravel\\framework\\src\\Illuminate\\Routing\\Router.php(697): Illuminate\\Pipeline\\Pipeline->then()
#21 C:\\xampp\\htdocs\\si4301_kelompok2_DocDistrict\\DocDistrict\\vendor\\laravel\\framework\\src\\Illuminate\\Routing\\Router.php(672): Illuminate\\Routing\\Router->runRouteWithinStack()
#22 C:\\xampp\\htdocs\\si4301_kelompok2_DocDistrict\\DocDistrict\\vendor\\laravel\\framework\\src\\Illuminate\\Routing\\Router.php(636): Illuminate\\Routing\\Router->runRoute()
#23 C:\\xampp\\htdocs\\si4301_kelompok2_DocDistrict\\DocDistrict\\vendor\\laravel\\framework\\src\\Illuminate\\Routing\\Router.php(625): Illuminate\\Routing\\Router->dispatchToRoute()
#24 C:\\xampp\\htdocs\\si4301_kelompok2_DocDistrict\\DocDistrict\\vendor\\laravel\\framework\\src\\Illuminate\\Foundation\\Http\\Kernel.php(167): Illuminate\\Routing\\Router->dispatch()
#25 C:\\xampp\\htdocs\\si4301_kelompok2_DocDistrict\\DocDistrict\\vendor\\laravel\\framework\\src\\Illuminate\\Pipeline\\Pipeline.php(128): Illuminate\\Foundation\\Http\\Kernel->Illuminate\\Foundation\\Http\\{closure}()
#26 C:\\xampp\\htdocs\\si4301_kelompok2_DocDistrict\\DocDistrict\\vendor\\laravel\\framework\\src\\Illuminate\\Foundation\\Http\\Middleware\\TransformsRequest.php(21): Illuminate\\Pipeline\\Pipeline->Illuminate\\Pipeline\\{closure}()
#27 C:\\xampp\\htdocs\\si4301_kelompok2_DocDistrict\\DocDistrict\\vendor\\laravel\\framework\\src\\Illuminate\\Foundation\\Http\\Middleware\\ConvertEmptyStringsToNull.php(31): Illuminate\\Foundation\\Http\\Middleware\\TransformsRequest->handle()
#28 C:\\xampp\\htdocs\\si4301_kelompok2_DocDistrict\\DocDistrict\\vendor\\laravel\\framework\\src\\Illuminate\\Pipeline\\Pipeline.php(167): Illuminate\\Foundation\\Http\\Middleware\\ConvertEmptyStringsToNull->handle()
#29 C:\\xampp\\htdocs\\si4301_kelompok2_DocDistrict\\DocDistrict\\vendor\\laravel\\framework\\src\\Illuminate\\Foundation\\Http\\Middleware\\TransformsRequest.php(21): Illuminate\\Pipeline\\Pipeline->Illuminate\\Pipeline\\{closure}()
#30 C:\\xampp\\htdocs\\si4301_kelompok2_DocDistrict\\DocDistrict\\vendor\\laravel\\framework\\src\\Illuminate\\Foundation\\Http\\Middleware\\TrimStrings.php(40): Illuminate\\Foundation\\Http\\Middleware\\TransformsRequest->handle()
#31 C:\\xampp\\htdocs\\si4301_kelompok2_DocDistrict\\DocDistrict\\vendor\\laravel\\framework\\src\\Illuminate\\Pipeline\\Pipeline.php(167): Illuminate\\Foundation\\Http\\Middleware\\TrimStrings->handle()
#32 C:\\xampp\\htdocs\\si4301_kelompok2_DocDistrict\\DocDistrict\\vendor\\laravel\\framework\\src\\Illuminate\\Foundation\\Http\\Middleware\\ValidatePostSize.php(27): Illuminate\\Pipeline\\Pipeline->Illuminate\\Pipeline\\{closure}()
#33 C:\\xampp\\htdocs\\si4301_kelompok2_DocDistrict\\DocDistrict\\vendor\\laravel\\framework\\src\\Illuminate\\Pipeline\\Pipeline.php(167): Illuminate\\Foundation\\Http\\Middleware\\ValidatePostSize->handle()
#34 C:\\xampp\\htdocs\\si4301_kelompok2_DocDistrict\\DocDistrict\\vendor\\laravel\\framework\\src\\Illuminate\\Foundation\\Http\\Middleware\\PreventRequestsDuringMaintenance.php(86): Illuminate\\Pipeline\\Pipeline->Illuminate\\Pipeline\\{closure}()
#35 C:\\xampp\\htdocs\\si4301_kelompok2_DocDistrict\\DocDistrict\\vendor\\laravel\\framework\\src\\Illuminate\\Pipeline\\Pipeline.php(167): Illuminate\\Foundation\\Http\\Middleware\\PreventRequestsDuringMaintenance->handle()
#36 C:\\xampp\\htdocs\\si4301_kelompok2_DocDistrict\\DocDistrict\\vendor\\fruitcake\\laravel-cors\\src\\HandleCors.php(38): Illuminate\\Pipeline\\Pipeline->Illuminate\\Pipeline\\{closure}()
#37 C:\\xampp\\htdocs\\si4301_kelompok2_DocDistrict\\DocDistrict\\vendor\\laravel\\framework\\src\\Illuminate\\Pipeline\\Pipeline.php(167): Fruitcake\\Cors\\HandleCors->handle()
#38 C:\\xampp\\htdocs\\si4301_kelompok2_DocDistrict\\DocDistrict\\vendor\\laravel\\framework\\src\\Illuminate\\Http\\Middleware\\TrustProxies.php(39): Illuminate\\Pipeline\\Pipeline->Illuminate\\Pipeline\\{closure}()
#39 C:\\xampp\\htdocs\\si4301_kelompok2_DocDistrict\\DocDistrict\\vendor\\laravel\\framework\\src\\Illuminate\\Pipeline\\Pipeline.php(167): Illuminate\\Http\\Middleware\\TrustProxies->handle()
#40 C:\\xampp\\htdocs\\si4301_kelompok2_DocDistrict\\DocDistrict\\vendor\\laravel\\framework\\src\\Illuminate\\Pipeline\\Pipeline.php(103): Illuminate\\Pipeline\\Pipeline->Illuminate\\Pipeline\\{closure}()
#41 C:\\xampp\\htdocs\\si4301_kelompok2_DocDistrict\\DocDistrict\\vendor\\laravel\\framework\\src\\Illuminate\\Foundation\\Http\\Kernel.php(142): Illuminate\\Pipeline\\Pipeline->then()
#42 C:\\xampp\\htdocs\\si4301_kelompok2_DocDistrict\\DocDistrict\\vendor\\laravel\\framework\\src\\Illuminate\\Foundation\\Http\\Kernel.php(111): Illuminate\\Foundation\\Http\\Kernel->sendRequestThroughRouter()
#43 C:\\xampp\\htdocs\\si4301_kelompok2_DocDistrict\\DocDistrict\\public\\index.php(52): Illuminate\\Foundation\\Http\\Kernel->handle()
#44 C:\\xampp\\htdocs\\si4301_kelompok2_DocDistrict\\DocDistrict\\server.php(21): require_once('...')
#45 {main}
"} 
